2026-02-03 09:47:36  INFO: Operating system name: Linux version: 6.8.0-51-generic architecture: amd64
2026-02-03 09:47:36  INFO: Java runtime name: OpenJDK 64-Bit Server VM vendor: Ubuntu version: 21.0.8+9-Ubuntu-0ubuntu124.04.1
2026-02-03 09:47:36  INFO: Memory limit heap: 3458mb non-heap: 0mb
2026-02-03 09:47:36  INFO: Character encoding: UTF-8
2026-02-03 09:47:36  INFO: Version: 6.11.1
2026-02-03 09:47:36  INFO: Starting server...
2026-02-03 09:47:36  INFO: HikariPool-1 - Starting...
2026-02-03 09:47:38  INFO: HikariPool-1 - Added connection com.mysql.cj.jdbc.ConnectionImpl@4aa3d36
2026-02-03 09:47:38  INFO: HikariPool-1 - Start completed.
2026-02-03 09:47:42  INFO: Successfully acquired change log lock
2026-02-03 09:47:45  INFO: Clearing database change log checksums for database mysql
2026-02-03 09:47:46  INFO: Successfully released change log lock
2026-02-03 09:47:46  INFO: Command execution complete
2026-02-03 09:47:47  INFO: Reading from traccar.DATABASECHANGELOG
2026-02-03 09:48:06  INFO: Reading from traccar.DATABASECHANGELOG
Database is up to date, no changesets to execute
2026-02-03 09:48:07  INFO: Reading from traccar.DATABASECHANGELOG

UPDATE SUMMARY
Run:                          0
Previously run:              36
Filtered out:                 0
-------------------------------
Total change sets:           36

2026-02-03 09:48:07  INFO: UPDATE SUMMARY
2026-02-03 09:48:07  INFO: Run:                          0
2026-02-03 09:48:07  INFO: Previously run:              36
2026-02-03 09:48:07  INFO: Filtered out:                 0
2026-02-03 09:48:07  INFO: -------------------------------
2026-02-03 09:48:07  INFO: Total change sets:           36
2026-02-03 09:48:07  INFO: Update summary generated
2026-02-03 09:48:07  INFO: Command execution complete
2026-02-03 09:48:07  INFO: UPDATE tc_devices SET status = ?
2026-02-03 09:48:08  INFO: SELECT * FROM tc_servers
2026-02-03 09:48:09  INFO: jetty-12.1.5; built: 2025-12-03T22:18:24.732Z; git: 4905d09d7b6801e792d7b73946cf7b66e4be25d6; jvm 21.0.8+9-Ubuntu-0ubuntu124.04.1
2026-02-03 09:48:09  INFO: Session workerName=node0
2026-02-03 09:48:09  INFO: Started oeje10s.ServletContextHandler@3dd750ba{ROOT,/,b=file:///home/carlos/Desktop/traccar/traccar/traccar-web/simple/,a=AVAILABLE,h=oeje10s.SessionHandler@7eefaca0{STARTED}}
2026-02-03 09:48:09  INFO: Started oeje10s.ServletContextHandler@3dd750ba{ROOT,/,b=file:///home/carlos/Desktop/traccar/traccar/traccar-web/simple/,a=AVAILABLE,h=oeje10s.SessionHandler@7eefaca0{STARTED}}
2026-02-03 09:48:09  INFO: Started oejs.ServerConnector@7957aa57{HTTP/1.1, (http/1.1)}{0.0.0.0:8082}
2026-02-03 09:48:09  INFO: Started oejs.Server@7b92ea9d{STARTING}[12.1.5,sto=0] @450ms
2026-02-03 09:48:25  INFO: SELECT * FROM tc_users WHERE (email = ? OR login = ?)
2026-02-03 09:49:20  INFO: SELECT * FROM tc_users WHERE (email = ? OR login = ?)
2026-02-03 09:49:20  INFO: SELECT * FROM tc_events WHERE id IN (SELECT tc_user_device.deviceId FROM tc_user_device WHERE userId = ? UNION SELECT DISTINCT deviceId FROM tc_user_group INNER JOIN (SELECT id as parentId, id as groupId FROM tc_groups UNION SELECT groupId as parentId, id as groupId FROM tc_groups WHERE groupId IS NOT NULL UNION SELECT g2.groupId as parentId, g1.id as groupId FROM tc_groups AS g2 INNER JOIN tc_groups AS g1 ON g2.id = g1.groupId WHERE g2.groupId IS NOT NULL) AS all_groups ON tc_user_group.groupId = all_groups.parentId INNER JOIN (SELECT groupId as parentId, id as deviceId FROM tc_devices WHERE groupId IS NOT NULL) AS devices ON all_groups.groupId = devices.parentId WHERE userId = ?) ORDER BY id DESC LIMIT 10
2026-02-03 09:49:21  INFO: SELECT id, name FROM tc_devices WHERE id = ?
2026-02-03 09:49:21  INFO: SELECT id, name FROM tc_devices WHERE id = ?
2026-02-03 09:49:21  INFO: SELECT id, name FROM tc_devices WHERE id = ?
2026-02-03 09:49:21  INFO: SELECT id, name FROM tc_devices WHERE id = ?
2026-02-03 09:49:22  INFO: SELECT COUNT(*) FROM tc_events WHERE id IN (SELECT tc_user_device.deviceId FROM tc_user_device WHERE userId = ? UNION SELECT DISTINCT deviceId FROM tc_user_group INNER JOIN (SELECT id as parentId, id as groupId FROM tc_groups UNION SELECT groupId as parentId, id as groupId FROM tc_groups WHERE groupId IS NOT NULL UNION SELECT g2.groupId as parentId, g1.id as groupId FROM tc_groups AS g2 INNER JOIN tc_groups AS g1 ON g2.id = g1.groupId WHERE g2.groupId IS NOT NULL) AS all_groups ON tc_user_group.groupId = all_groups.parentId INNER JOIN (SELECT groupId as parentId, id as deviceId FROM tc_devices WHERE groupId IS NOT NULL) AS devices ON all_groups.groupId = devices.parentId WHERE userId = ?)
2026-02-03 09:56:17  WARN: baseResource file:///home/carlos/Desktop/traccar/traccar/./target/media is not a readable directory
2026-02-03 09:58:19  INFO: SELECT * FROM tc_users WHERE (email = ? OR login = ?)
2026-02-03 09:58:19  INFO: SELECT * FROM tc_users WHERE (email = ? OR login = ?)
2026-02-03 09:58:20  INFO: SELECT * FROM tc_devices WHERE id IN (SELECT tc_user_device.deviceId FROM tc_user_device WHERE userId = ? UNION SELECT DISTINCT deviceId FROM tc_user_group INNER JOIN (SELECT id as parentId, id as groupId FROM tc_groups UNION SELECT groupId as parentId, id as groupId FROM tc_groups WHERE groupId IS NOT NULL UNION SELECT g2.groupId as parentId, g1.id as groupId FROM tc_groups AS g2 INNER JOIN tc_groups AS g1 ON g2.id = g1.groupId WHERE g2.groupId IS NOT NULL) AS all_groups ON tc_user_group.groupId = all_groups.parentId INNER JOIN (SELECT groupId as parentId, id as deviceId FROM tc_devices WHERE groupId IS NOT NULL) AS devices ON all_groups.groupId = devices.parentId WHERE userId = ?) ORDER BY name
2026-02-03 09:58:20  INFO: SELECT * FROM tc_devices WHERE id IN (SELECT tc_user_device.deviceId FROM tc_user_device WHERE userId = ? UNION SELECT DISTINCT deviceId FROM tc_user_group INNER JOIN (SELECT id as parentId, id as groupId FROM tc_groups UNION SELECT groupId as parentId, id as groupId FROM tc_groups WHERE groupId IS NOT NULL UNION SELECT g2.groupId as parentId, g1.id as groupId FROM tc_groups AS g2 INNER JOIN tc_groups AS g1 ON g2.id = g1.groupId WHERE g2.groupId IS NOT NULL) AS all_groups ON tc_user_group.groupId = all_groups.parentId INNER JOIN (SELECT groupId as parentId, id as deviceId FROM tc_devices WHERE groupId IS NOT NULL) AS devices ON all_groups.groupId = devices.parentId WHERE userId = ?) ORDER BY name
2026-02-03 09:58:35  INFO: SELECT * FROM tc_users WHERE (email = ? OR login = ?)
2026-02-03 09:58:36  INFO: SELECT * FROM tc_events WHERE id IN (SELECT tc_user_device.deviceId FROM tc_user_device WHERE userId = ? UNION SELECT DISTINCT deviceId FROM tc_user_group INNER JOIN (SELECT id as parentId, id as groupId FROM tc_groups UNION SELECT groupId as parentId, id as groupId FROM tc_groups WHERE groupId IS NOT NULL UNION SELECT g2.groupId as parentId, g1.id as groupId FROM tc_groups AS g2 INNER JOIN tc_groups AS g1 ON g2.id = g1.groupId WHERE g2.groupId IS NOT NULL) AS all_groups ON tc_user_group.groupId = all_groups.parentId INNER JOIN (SELECT groupId as parentId, id as deviceId FROM tc_devices WHERE groupId IS NOT NULL) AS devices ON all_groups.groupId = devices.parentId WHERE userId = ?) ORDER BY id DESC LIMIT 10 OFFSET 1
2026-02-03 09:58:36  INFO: SELECT id, name FROM tc_devices WHERE id = ?
2026-02-03 09:58:36  INFO: SELECT id, name FROM tc_devices WHERE id = ?
2026-02-03 09:58:37  INFO: SELECT id, name FROM tc_devices WHERE id = ?
2026-02-03 09:58:37  INFO: SELECT id, name FROM tc_devices WHERE id = ?
2026-02-03 09:58:37  INFO: SELECT COUNT(*) FROM tc_events WHERE id IN (SELECT tc_user_device.deviceId FROM tc_user_device WHERE userId = ? UNION SELECT DISTINCT deviceId FROM tc_user_group INNER JOIN (SELECT id as parentId, id as groupId FROM tc_groups UNION SELECT groupId as parentId, id as groupId FROM tc_groups WHERE groupId IS NOT NULL UNION SELECT g2.groupId as parentId, g1.id as groupId FROM tc_groups AS g2 INNER JOIN tc_groups AS g1 ON g2.id = g1.groupId WHERE g2.groupId IS NOT NULL) AS all_groups ON tc_user_group.groupId = all_groups.parentId INNER JOIN (SELECT groupId as parentId, id as deviceId FROM tc_devices WHERE groupId IS NOT NULL) AS devices ON all_groups.groupId = devices.parentId WHERE userId = ?)
2026-02-03 10:03:08  INFO: SELECT * FROM tc_reports
2026-02-03 10:03:08  INFO: SELECT * FROM tc_groups
2026-02-03 10:03:08  INFO: SELECT * FROM tc_devices
2026-02-03 10:05:31  INFO: SELECT * FROM tc_users WHERE (email = ? OR login = ?)
2026-02-03 10:05:32  INFO: SELECT * FROM tc_events WHERE id IN (SELECT tc_user_device.deviceId FROM tc_user_device WHERE userId = ? UNION SELECT DISTINCT deviceId FROM tc_user_group INNER JOIN (SELECT id as parentId, id as groupId FROM tc_groups UNION SELECT groupId as parentId, id as groupId FROM tc_groups WHERE groupId IS NOT NULL UNION SELECT g2.groupId as parentId, g1.id as groupId FROM tc_groups AS g2 INNER JOIN tc_groups AS g1 ON g2.id = g1.groupId WHERE g2.groupId IS NOT NULL) AS all_groups ON tc_user_group.groupId = all_groups.parentId INNER JOIN (SELECT groupId as parentId, id as deviceId FROM tc_devices WHERE groupId IS NOT NULL) AS devices ON all_groups.groupId = devices.parentId WHERE userId = ?) ORDER BY id DESC LIMIT 10
2026-02-03 10:05:32  INFO: SELECT id, name FROM tc_devices WHERE id = ?
2026-02-03 10:05:32  INFO: SELECT id, name FROM tc_devices WHERE id = ?
2026-02-03 10:05:33  INFO: SELECT id, name FROM tc_devices WHERE id = ?
2026-02-03 10:05:33  INFO: SELECT id, name FROM tc_devices WHERE id = ?
2026-02-03 10:05:33  INFO: SELECT COUNT(*) FROM tc_events WHERE id IN (SELECT tc_user_device.deviceId FROM tc_user_device WHERE userId = ? UNION SELECT DISTINCT deviceId FROM tc_user_group INNER JOIN (SELECT id as parentId, id as groupId FROM tc_groups UNION SELECT groupId as parentId, id as groupId FROM tc_groups WHERE groupId IS NOT NULL UNION SELECT g2.groupId as parentId, g1.id as groupId FROM tc_groups AS g2 INNER JOIN tc_groups AS g1 ON g2.id = g1.groupId WHERE g2.groupId IS NOT NULL) AS all_groups ON tc_user_group.groupId = all_groups.parentId INNER JOIN (SELECT groupId as parentId, id as deviceId FROM tc_devices WHERE groupId IS NOT NULL) AS devices ON all_groups.groupId = devices.parentId WHERE userId = ?)
2026-02-03 10:05:42  INFO: SELECT * FROM tc_users WHERE (email = ? OR login = ?)
2026-02-03 10:05:43  INFO: SELECT * FROM tc_contacts WHERE userId = ? AND status = ?
2026-02-03 10:05:45  INFO: SELECT * FROM tc_users WHERE (email = ? OR login = ?)
2026-02-03 10:05:45  INFO: SELECT * FROM tc_users WHERE (email = ? OR login = ?)
2026-02-03 10:05:45  INFO: SELECT * FROM tc_users WHERE (email = ? OR login = ?)
2026-02-03 10:05:45  INFO: SELECT * FROM tc_devices WHERE id IN (SELECT tc_user_device.deviceId FROM tc_user_device WHERE userId = ? UNION SELECT DISTINCT deviceId FROM tc_user_group INNER JOIN (SELECT id as parentId, id as groupId FROM tc_groups UNION SELECT groupId as parentId, id as groupId FROM tc_groups WHERE groupId IS NOT NULL UNION SELECT g2.groupId as parentId, g1.id as groupId FROM tc_groups AS g2 INNER JOIN tc_groups AS g1 ON g2.id = g1.groupId WHERE g2.groupId IS NOT NULL) AS all_groups ON tc_user_group.groupId = all_groups.parentId INNER JOIN (SELECT groupId as parentId, id as deviceId FROM tc_devices WHERE groupId IS NOT NULL) AS devices ON all_groups.groupId = devices.parentId WHERE userId = ?) ORDER BY name
2026-02-03 10:05:45  INFO: SELECT * FROM tc_events WHERE id IN (SELECT tc_user_device.deviceId FROM tc_user_device WHERE userId = ? UNION SELECT DISTINCT deviceId FROM tc_user_group INNER JOIN (SELECT id as parentId, id as groupId FROM tc_groups UNION SELECT groupId as parentId, id as groupId FROM tc_groups WHERE groupId IS NOT NULL UNION SELECT g2.groupId as parentId, g1.id as groupId FROM tc_groups AS g2 INNER JOIN tc_groups AS g1 ON g2.id = g1.groupId WHERE g2.groupId IS NOT NULL) AS all_groups ON tc_user_group.groupId = all_groups.parentId INNER JOIN (SELECT groupId as parentId, id as deviceId FROM tc_devices WHERE groupId IS NOT NULL) AS devices ON all_groups.groupId = devices.parentId WHERE userId = ?) ORDER BY id DESC LIMIT 10 OFFSET 1
2026-02-03 10:05:45  INFO: SELECT * FROM tc_devices WHERE id IN (SELECT tc_user_device.deviceId FROM tc_user_device WHERE userId = ? UNION SELECT DISTINCT deviceId FROM tc_user_group INNER JOIN (SELECT id as parentId, id as groupId FROM tc_groups UNION SELECT groupId as parentId, id as groupId FROM tc_groups WHERE groupId IS NOT NULL UNION SELECT g2.groupId as parentId, g1.id as groupId FROM tc_groups AS g2 INNER JOIN tc_groups AS g1 ON g2.id = g1.groupId WHERE g2.groupId IS NOT NULL) AS all_groups ON tc_user_group.groupId = all_groups.parentId INNER JOIN (SELECT groupId as parentId, id as deviceId FROM tc_devices WHERE groupId IS NOT NULL) AS devices ON all_groups.groupId = devices.parentId WHERE userId = ?) ORDER BY name
2026-02-03 10:05:46  INFO: SELECT id, name FROM tc_devices WHERE id = ?
2026-02-03 10:05:46  INFO: SELECT id, name FROM tc_devices WHERE id = ?
2026-02-03 10:05:46  INFO: SELECT id, name FROM tc_devices WHERE id = ?
2026-02-03 10:05:46  INFO: SELECT id, name FROM tc_devices WHERE id = ?
2026-02-03 10:05:46  INFO: SELECT COUNT(*) FROM tc_events WHERE id IN (SELECT tc_user_device.deviceId FROM tc_user_device WHERE userId = ? UNION SELECT DISTINCT deviceId FROM tc_user_group INNER JOIN (SELECT id as parentId, id as groupId FROM tc_groups UNION SELECT groupId as parentId, id as groupId FROM tc_groups WHERE groupId IS NOT NULL UNION SELECT g2.groupId as parentId, g1.id as groupId FROM tc_groups AS g2 INNER JOIN tc_groups AS g1 ON g2.id = g1.groupId WHERE g2.groupId IS NOT NULL) AS all_groups ON tc_user_group.groupId = all_groups.parentId INNER JOIN (SELECT groupId as parentId, id as deviceId FROM tc_devices WHERE groupId IS NOT NULL) AS devices ON all_groups.groupId = devices.parentId WHERE userId = ?)
2026-02-03 10:06:00  INFO: SELECT * FROM tc_users WHERE (email = ? OR login = ?)
2026-02-03 10:06:01  INFO: SELECT * FROM tc_contacts WHERE userId = ? AND status = ?
2026-02-03 10:06:06  INFO: SELECT * FROM tc_users WHERE (email = ? OR login = ?)
2026-02-03 10:06:06  INFO: SELECT * FROM tc_users WHERE (email = ? OR login = ?)
2026-02-03 10:06:06  INFO: SELECT * FROM tc_devices WHERE id IN (SELECT tc_user_device.deviceId FROM tc_user_device WHERE userId = ? UNION SELECT DISTINCT deviceId FROM tc_user_group INNER JOIN (SELECT id as parentId, id as groupId FROM tc_groups UNION SELECT groupId as parentId, id as groupId FROM tc_groups WHERE groupId IS NOT NULL UNION SELECT g2.groupId as parentId, g1.id as groupId FROM tc_groups AS g2 INNER JOIN tc_groups AS g1 ON g2.id = g1.groupId WHERE g2.groupId IS NOT NULL) AS all_groups ON tc_user_group.groupId = all_groups.parentId INNER JOIN (SELECT groupId as parentId, id as deviceId FROM tc_devices WHERE groupId IS NOT NULL) AS devices ON all_groups.groupId = devices.parentId WHERE userId = ?) ORDER BY name
2026-02-03 10:06:06  INFO: SELECT * FROM tc_devices WHERE id IN (SELECT tc_user_device.deviceId FROM tc_user_device WHERE userId = ? UNION SELECT DISTINCT deviceId FROM tc_user_group INNER JOIN (SELECT id as parentId, id as groupId FROM tc_groups UNION SELECT groupId as parentId, id as groupId FROM tc_groups WHERE groupId IS NOT NULL UNION SELECT g2.groupId as parentId, g1.id as groupId FROM tc_groups AS g2 INNER JOIN tc_groups AS g1 ON g2.id = g1.groupId WHERE g2.groupId IS NOT NULL) AS all_groups ON tc_user_group.groupId = all_groups.parentId INNER JOIN (SELECT groupId as parentId, id as deviceId FROM tc_devices WHERE groupId IS NOT NULL) AS devices ON all_groups.groupId = devices.parentId WHERE userId = ?) ORDER BY name
2026-02-03 10:06:09  INFO: SELECT * FROM tc_users WHERE (email = ? OR login = ?)
2026-02-03 10:06:09  INFO: SELECT * FROM tc_events WHERE id IN (SELECT tc_user_device.deviceId FROM tc_user_device WHERE userId = ? UNION SELECT DISTINCT deviceId FROM tc_user_group INNER JOIN (SELECT id as parentId, id as groupId FROM tc_groups UNION SELECT groupId as parentId, id as groupId FROM tc_groups WHERE groupId IS NOT NULL UNION SELECT g2.groupId as parentId, g1.id as groupId FROM tc_groups AS g2 INNER JOIN tc_groups AS g1 ON g2.id = g1.groupId WHERE g2.groupId IS NOT NULL) AS all_groups ON tc_user_group.groupId = all_groups.parentId INNER JOIN (SELECT groupId as parentId, id as deviceId FROM tc_devices WHERE groupId IS NOT NULL) AS devices ON all_groups.groupId = devices.parentId WHERE userId = ?) ORDER BY id DESC LIMIT 10 OFFSET 1
2026-02-03 10:06:10  INFO: SELECT id, name FROM tc_devices WHERE id = ?
2026-02-03 10:06:10  INFO: SELECT id, name FROM tc_devices WHERE id = ?
2026-02-03 10:06:10  INFO: SELECT id, name FROM tc_devices WHERE id = ?
2026-02-03 10:06:11  INFO: SELECT id, name FROM tc_devices WHERE id = ?
2026-02-03 10:06:11  INFO: SELECT COUNT(*) FROM tc_events WHERE id IN (SELECT tc_user_device.deviceId FROM tc_user_device WHERE userId = ? UNION SELECT DISTINCT deviceId FROM tc_user_group INNER JOIN (SELECT id as parentId, id as groupId FROM tc_groups UNION SELECT groupId as parentId, id as groupId FROM tc_groups WHERE groupId IS NOT NULL UNION SELECT g2.groupId as parentId, g1.id as groupId FROM tc_groups AS g2 INNER JOIN tc_groups AS g1 ON g2.id = g1.groupId WHERE g2.groupId IS NOT NULL) AS all_groups ON tc_user_group.groupId = all_groups.parentId INNER JOIN (SELECT groupId as parentId, id as deviceId FROM tc_devices WHERE groupId IS NOT NULL) AS devices ON all_groups.groupId = devices.parentId WHERE userId = ?)
2026-02-03 10:16:04  INFO: SELECT * FROM tc_users WHERE (email = ? OR login = ?)
2026-02-03 10:16:04  INFO: SELECT * FROM tc_devices WHERE id IN (SELECT tc_user_device.deviceId FROM tc_user_device WHERE userId = ? UNION SELECT DISTINCT deviceId FROM tc_user_group INNER JOIN (SELECT id as parentId, id as groupId FROM tc_groups UNION SELECT groupId as parentId, id as groupId FROM tc_groups WHERE groupId IS NOT NULL UNION SELECT g2.groupId as parentId, g1.id as groupId FROM tc_groups AS g2 INNER JOIN tc_groups AS g1 ON g2.id = g1.groupId WHERE g2.groupId IS NOT NULL) AS all_groups ON tc_user_group.groupId = all_groups.parentId INNER JOIN (SELECT groupId as parentId, id as deviceId FROM tc_devices WHERE groupId IS NOT NULL) AS devices ON all_groups.groupId = devices.parentId WHERE userId = ?) ORDER BY name
2026-02-03 10:16:04  INFO: SELECT * FROM tc_users WHERE (email = ? OR login = ?)
2026-02-03 10:16:04  INFO: SELECT id FROM tc_devices WHERE id IN (SELECT tc_user_device.deviceId FROM tc_user_device WHERE userId = ? UNION SELECT DISTINCT deviceId FROM tc_user_group INNER JOIN (SELECT id as parentId, id as groupId FROM tc_groups UNION SELECT groupId as parentId, id as groupId FROM tc_groups WHERE groupId IS NOT NULL UNION SELECT g2.groupId as parentId, g1.id as groupId FROM tc_groups AS g2 INNER JOIN tc_groups AS g1 ON g2.id = g1.groupId WHERE g2.groupId IS NOT NULL) AS all_groups ON tc_user_group.groupId = all_groups.parentId INNER JOIN (SELECT groupId as parentId, id as deviceId FROM tc_devices WHERE groupId IS NOT NULL) AS devices ON all_groups.groupId = devices.parentId WHERE userId = ?)
2026-02-03 10:16:04  INFO: SELECT * FROM tc_users WHERE (email = ? OR login = ?)
2026-02-03 10:16:05  INFO: SELECT * FROM tc_devices WHERE id IN (SELECT tc_user_device.deviceId FROM tc_user_device WHERE userId = ? UNION SELECT DISTINCT deviceId FROM tc_user_group INNER JOIN (SELECT id as parentId, id as groupId FROM tc_groups UNION SELECT groupId as parentId, id as groupId FROM tc_groups WHERE groupId IS NOT NULL UNION SELECT g2.groupId as parentId, g1.id as groupId FROM tc_groups AS g2 INNER JOIN tc_groups AS g1 ON g2.id = g1.groupId WHERE g2.groupId IS NOT NULL) AS all_groups ON tc_user_group.groupId = all_groups.parentId INNER JOIN (SELECT groupId as parentId, id as deviceId FROM tc_devices WHERE groupId IS NOT NULL) AS devices ON all_groups.groupId = devices.parentId WHERE userId = ?) ORDER BY name
2026-02-03 10:16:05  INFO: SELECT * FROM tc_positions WHERE id IN (SELECT positionId FROM tc_devices)
2026-02-03 10:16:05  INFO: SELECT * FROM tc_users WHERE (email = ? OR login = ?)
2026-02-03 10:16:05  INFO: SELECT * FROM tc_devices WHERE id IN (SELECT tc_user_device.deviceId FROM tc_user_device WHERE userId = ? UNION SELECT DISTINCT deviceId FROM tc_user_group INNER JOIN (SELECT id as parentId, id as groupId FROM tc_groups UNION SELECT groupId as parentId, id as groupId FROM tc_groups WHERE groupId IS NOT NULL UNION SELECT g2.groupId as parentId, g1.id as groupId FROM tc_groups AS g2 INNER JOIN tc_groups AS g1 ON g2.id = g1.groupId WHERE g2.groupId IS NOT NULL) AS all_groups ON tc_user_group.groupId = all_groups.parentId INNER JOIN (SELECT groupId as parentId, id as deviceId FROM tc_devices WHERE groupId IS NOT NULL) AS devices ON all_groups.groupId = devices.parentId WHERE userId = ?) ORDER BY name
2026-02-03 10:17:47  INFO: SELECT * FROM tc_users WHERE (email = ? OR login = ?)
2026-02-03 10:17:47  INFO: SELECT * FROM tc_users WHERE (email = ? OR login = ?)
2026-02-03 10:17:47  INFO: SELECT * FROM tc_devices WHERE id IN (SELECT tc_user_device.deviceId FROM tc_user_device WHERE userId = ? UNION SELECT DISTINCT deviceId FROM tc_user_group INNER JOIN (SELECT id as parentId, id as groupId FROM tc_groups UNION SELECT groupId as parentId, id as groupId FROM tc_groups WHERE groupId IS NOT NULL UNION SELECT g2.groupId as parentId, g1.id as groupId FROM tc_groups AS g2 INNER JOIN tc_groups AS g1 ON g2.id = g1.groupId WHERE g2.groupId IS NOT NULL) AS all_groups ON tc_user_group.groupId = all_groups.parentId INNER JOIN (SELECT groupId as parentId, id as deviceId FROM tc_devices WHERE groupId IS NOT NULL) AS devices ON all_groups.groupId = devices.parentId WHERE userId = ?) ORDER BY name
2026-02-03 10:17:47  INFO: SELECT * FROM tc_devices WHERE id IN (SELECT tc_user_device.deviceId FROM tc_user_device WHERE userId = ? UNION SELECT DISTINCT deviceId FROM tc_user_group INNER JOIN (SELECT id as parentId, id as groupId FROM tc_groups UNION SELECT groupId as parentId, id as groupId FROM tc_groups WHERE groupId IS NOT NULL UNION SELECT g2.groupId as parentId, g1.id as groupId FROM tc_groups AS g2 INNER JOIN tc_groups AS g1 ON g2.id = g1.groupId WHERE g2.groupId IS NOT NULL) AS all_groups ON tc_user_group.groupId = all_groups.parentId INNER JOIN (SELECT groupId as parentId, id as deviceId FROM tc_devices WHERE groupId IS NOT NULL) AS devices ON all_groups.groupId = devices.parentId WHERE userId = ?) ORDER BY name
2026-02-03 10:17:57  INFO: SELECT * FROM tc_users WHERE (email = ? OR login = ?)
2026-02-03 10:17:57  INFO: SELECT * FROM tc_users WHERE (email = ? OR login = ?)
2026-02-03 10:17:57  INFO: SELECT * FROM tc_devices WHERE id IN (SELECT tc_user_device.deviceId FROM tc_user_device WHERE userId = ? UNION SELECT DISTINCT deviceId FROM tc_user_group INNER JOIN (SELECT id as parentId, id as groupId FROM tc_groups UNION SELECT groupId as parentId, id as groupId FROM tc_groups WHERE groupId IS NOT NULL UNION SELECT g2.groupId as parentId, g1.id as groupId FROM tc_groups AS g2 INNER JOIN tc_groups AS g1 ON g2.id = g1.groupId WHERE g2.groupId IS NOT NULL) AS all_groups ON tc_user_group.groupId = all_groups.parentId INNER JOIN (SELECT groupId as parentId, id as deviceId FROM tc_devices WHERE groupId IS NOT NULL) AS devices ON all_groups.groupId = devices.parentId WHERE userId = ?) ORDER BY name
2026-02-03 10:17:57  INFO: SELECT * FROM tc_events WHERE id IN (SELECT tc_user_device.deviceId FROM tc_user_device WHERE userId = ? UNION SELECT DISTINCT deviceId FROM tc_user_group INNER JOIN (SELECT id as parentId, id as groupId FROM tc_groups UNION SELECT groupId as parentId, id as groupId FROM tc_groups WHERE groupId IS NOT NULL UNION SELECT g2.groupId as parentId, g1.id as groupId FROM tc_groups AS g2 INNER JOIN tc_groups AS g1 ON g2.id = g1.groupId WHERE g2.groupId IS NOT NULL) AS all_groups ON tc_user_group.groupId = all_groups.parentId INNER JOIN (SELECT groupId as parentId, id as deviceId FROM tc_devices WHERE groupId IS NOT NULL) AS devices ON all_groups.groupId = devices.parentId WHERE userId = ?) ORDER BY id DESC LIMIT 10 OFFSET 1
2026-02-03 10:17:57  INFO: SELECT * FROM tc_users WHERE (email = ? OR login = ?)
2026-02-03 10:17:57  INFO: SELECT id FROM tc_devices WHERE id IN (SELECT tc_user_device.deviceId FROM tc_user_device WHERE userId = ? UNION SELECT DISTINCT deviceId FROM tc_user_group INNER JOIN (SELECT id as parentId, id as groupId FROM tc_groups UNION SELECT groupId as parentId, id as groupId FROM tc_groups WHERE groupId IS NOT NULL UNION SELECT g2.groupId as parentId, g1.id as groupId FROM tc_groups AS g2 INNER JOIN tc_groups AS g1 ON g2.id = g1.groupId WHERE g2.groupId IS NOT NULL) AS all_groups ON tc_user_group.groupId = all_groups.parentId INNER JOIN (SELECT groupId as parentId, id as deviceId FROM tc_devices WHERE groupId IS NOT NULL) AS devices ON all_groups.groupId = devices.parentId WHERE userId = ?)
2026-02-03 10:17:58  INFO: SELECT * FROM tc_positions WHERE id IN (SELECT positionId FROM tc_devices)
2026-02-03 10:17:58  INFO: SELECT id, name FROM tc_devices WHERE id = ?
2026-02-03 10:17:58  INFO: SELECT id, name FROM tc_devices WHERE id = ?
2026-02-03 10:17:58  INFO: SELECT id, name FROM tc_devices WHERE id = ?
2026-02-03 10:17:58  INFO: SELECT id, name FROM tc_devices WHERE id = ?
2026-02-03 10:17:58  INFO: SELECT COUNT(*) FROM tc_events WHERE id IN (SELECT tc_user_device.deviceId FROM tc_user_device WHERE userId = ? UNION SELECT DISTINCT deviceId FROM tc_user_group INNER JOIN (SELECT id as parentId, id as groupId FROM tc_groups UNION SELECT groupId as parentId, id as groupId FROM tc_groups WHERE groupId IS NOT NULL UNION SELECT g2.groupId as parentId, g1.id as groupId FROM tc_groups AS g2 INNER JOIN tc_groups AS g1 ON g2.id = g1.groupId WHERE g2.groupId IS NOT NULL) AS all_groups ON tc_user_group.groupId = all_groups.parentId INNER JOIN (SELECT groupId as parentId, id as deviceId FROM tc_devices WHERE groupId IS NOT NULL) AS devices ON all_groups.groupId = devices.parentId WHERE userId = ?)
2026-02-03 10:18:03  INFO: SELECT * FROM tc_users WHERE (email = ? OR login = ?)
2026-02-03 10:18:04  INFO: SELECT * FROM tc_events WHERE id IN (SELECT tc_user_device.deviceId FROM tc_user_device WHERE userId = ? UNION SELECT DISTINCT deviceId FROM tc_user_group INNER JOIN (SELECT id as parentId, id as groupId FROM tc_groups UNION SELECT groupId as parentId, id as groupId FROM tc_groups WHERE groupId IS NOT NULL UNION SELECT g2.groupId as parentId, g1.id as groupId FROM tc_groups AS g2 INNER JOIN tc_groups AS g1 ON g2.id = g1.groupId WHERE g2.groupId IS NOT NULL) AS all_groups ON tc_user_group.groupId = all_groups.parentId INNER JOIN (SELECT groupId as parentId, id as deviceId FROM tc_devices WHERE groupId IS NOT NULL) AS devices ON all_groups.groupId = devices.parentId WHERE userId = ?) ORDER BY id DESC LIMIT 10 OFFSET 2
2026-02-03 10:18:04  INFO: SELECT id, name FROM tc_devices WHERE id = ?
2026-02-03 10:18:04  INFO: SELECT id, name FROM tc_devices WHERE id = ?
2026-02-03 10:18:05  INFO: SELECT id, name FROM tc_devices WHERE id = ?
2026-02-03 10:18:05  INFO: SELECT id, name FROM tc_devices WHERE id = ?
2026-02-03 10:18:05  INFO: SELECT COUNT(*) FROM tc_events WHERE id IN (SELECT tc_user_device.deviceId FROM tc_user_device WHERE userId = ? UNION SELECT DISTINCT deviceId FROM tc_user_group INNER JOIN (SELECT id as parentId, id as groupId FROM tc_groups UNION SELECT groupId as parentId, id as groupId FROM tc_groups WHERE groupId IS NOT NULL UNION SELECT g2.groupId as parentId, g1.id as groupId FROM tc_groups AS g2 INNER JOIN tc_groups AS g1 ON g2.id = g1.groupId WHERE g2.groupId IS NOT NULL) AS all_groups ON tc_user_group.groupId = all_groups.parentId INNER JOIN (SELECT groupId as parentId, id as deviceId FROM tc_devices WHERE groupId IS NOT NULL) AS devices ON all_groups.groupId = devices.parentId WHERE userId = ?)
2026-02-03 10:18:06  INFO: SELECT * FROM tc_users WHERE (email = ? OR login = ?)
2026-02-03 10:18:06  INFO: SELECT * FROM tc_events WHERE id IN (SELECT tc_user_device.deviceId FROM tc_user_device WHERE userId = ? UNION SELECT DISTINCT deviceId FROM tc_user_group INNER JOIN (SELECT id as parentId, id as groupId FROM tc_groups UNION SELECT groupId as parentId, id as groupId FROM tc_groups WHERE groupId IS NOT NULL UNION SELECT g2.groupId as parentId, g1.id as groupId FROM tc_groups AS g2 INNER JOIN tc_groups AS g1 ON g2.id = g1.groupId WHERE g2.groupId IS NOT NULL) AS all_groups ON tc_user_group.groupId = all_groups.parentId INNER JOIN (SELECT groupId as parentId, id as deviceId FROM tc_devices WHERE groupId IS NOT NULL) AS devices ON all_groups.groupId = devices.parentId WHERE userId = ?) ORDER BY id DESC LIMIT 10 OFFSET 3
2026-02-03 10:18:07  INFO: SELECT id, name FROM tc_devices WHERE id = ?
2026-02-03 10:18:07  INFO: SELECT id, name FROM tc_devices WHERE id = ?
2026-02-03 10:18:07  INFO: SELECT id, name FROM tc_devices WHERE id = ?
2026-02-03 10:18:08  INFO: SELECT id, name FROM tc_devices WHERE id = ?
2026-02-03 10:18:08  INFO: SELECT * FROM tc_reports
2026-02-03 10:18:08  INFO: SELECT COUNT(*) FROM tc_events WHERE id IN (SELECT tc_user_device.deviceId FROM tc_user_device WHERE userId = ? UNION SELECT DISTINCT deviceId FROM tc_user_group INNER JOIN (SELECT id as parentId, id as groupId FROM tc_groups UNION SELECT groupId as parentId, id as groupId FROM tc_groups WHERE groupId IS NOT NULL UNION SELECT g2.groupId as parentId, g1.id as groupId FROM tc_groups AS g2 INNER JOIN tc_groups AS g1 ON g2.id = g1.groupId WHERE g2.groupId IS NOT NULL) AS all_groups ON tc_user_group.groupId = all_groups.parentId INNER JOIN (SELECT groupId as parentId, id as deviceId FROM tc_devices WHERE groupId IS NOT NULL) AS devices ON all_groups.groupId = devices.parentId WHERE userId = ?)
2026-02-03 10:18:08  INFO: SELECT * FROM tc_groups
2026-02-03 10:18:08  INFO: SELECT * FROM tc_devices
2026-02-03 10:18:17  INFO: SELECT * FROM tc_users WHERE (email = ? OR login = ?)
2026-02-03 10:18:17  INFO: SELECT * FROM tc_events WHERE id IN (SELECT tc_user_device.deviceId FROM tc_user_device WHERE userId = ? UNION SELECT DISTINCT deviceId FROM tc_user_group INNER JOIN (SELECT id as parentId, id as groupId FROM tc_groups UNION SELECT groupId as parentId, id as groupId FROM tc_groups WHERE groupId IS NOT NULL UNION SELECT g2.groupId as parentId, g1.id as groupId FROM tc_groups AS g2 INNER JOIN tc_groups AS g1 ON g2.id = g1.groupId WHERE g2.groupId IS NOT NULL) AS all_groups ON tc_user_group.groupId = all_groups.parentId INNER JOIN (SELECT groupId as parentId, id as deviceId FROM tc_devices WHERE groupId IS NOT NULL) AS devices ON all_groups.groupId = devices.parentId WHERE userId = ?) ORDER BY id DESC LIMIT 10 OFFSET 4
2026-02-03 10:18:18  INFO: SELECT id, name FROM tc_devices WHERE id = ?
2026-02-03 10:18:18  INFO: SELECT id, name FROM tc_devices WHERE id = ?
2026-02-03 10:18:19  INFO: SELECT id, name FROM tc_devices WHERE id = ?
2026-02-03 10:18:19  INFO: SELECT COUNT(*) FROM tc_events WHERE id IN (SELECT tc_user_device.deviceId FROM tc_user_device WHERE userId = ? UNION SELECT DISTINCT deviceId FROM tc_user_group INNER JOIN (SELECT id as parentId, id as groupId FROM tc_groups UNION SELECT groupId as parentId, id as groupId FROM tc_groups WHERE groupId IS NOT NULL UNION SELECT g2.groupId as parentId, g1.id as groupId FROM tc_groups AS g2 INNER JOIN tc_groups AS g1 ON g2.id = g1.groupId WHERE g2.groupId IS NOT NULL) AS all_groups ON tc_user_group.groupId = all_groups.parentId INNER JOIN (SELECT groupId as parentId, id as deviceId FROM tc_devices WHERE groupId IS NOT NULL) AS devices ON all_groups.groupId = devices.parentId WHERE userId = ?)
2026-02-03 10:18:35  INFO: SELECT * FROM tc_users WHERE (email = ? OR login = ?)
2026-02-03 10:18:35  INFO: SELECT * FROM tc_events WHERE id IN (SELECT tc_user_device.deviceId FROM tc_user_device WHERE userId = ? UNION SELECT DISTINCT deviceId FROM tc_user_group INNER JOIN (SELECT id as parentId, id as groupId FROM tc_groups UNION SELECT groupId as parentId, id as groupId FROM tc_groups WHERE groupId IS NOT NULL UNION SELECT g2.groupId as parentId, g1.id as groupId FROM tc_groups AS g2 INNER JOIN tc_groups AS g1 ON g2.id = g1.groupId WHERE g2.groupId IS NOT NULL) AS all_groups ON tc_user_group.groupId = all_groups.parentId INNER JOIN (SELECT groupId as parentId, id as deviceId FROM tc_devices WHERE groupId IS NOT NULL) AS devices ON all_groups.groupId = devices.parentId WHERE userId = ?) ORDER BY id DESC LIMIT 10 OFFSET 5
2026-02-03 10:18:36  INFO: SELECT id, name FROM tc_devices WHERE id = ?
2026-02-03 10:18:36  INFO: SELECT id, name FROM tc_devices WHERE id = ?
2026-02-03 10:18:36  INFO: SELECT COUNT(*) FROM tc_events WHERE id IN (SELECT tc_user_device.deviceId FROM tc_user_device WHERE userId = ? UNION SELECT DISTINCT deviceId FROM tc_user_group INNER JOIN (SELECT id as parentId, id as groupId FROM tc_groups UNION SELECT groupId as parentId, id as groupId FROM tc_groups WHERE groupId IS NOT NULL UNION SELECT g2.groupId as parentId, g1.id as groupId FROM tc_groups AS g2 INNER JOIN tc_groups AS g1 ON g2.id = g1.groupId WHERE g2.groupId IS NOT NULL) AS all_groups ON tc_user_group.groupId = all_groups.parentId INNER JOIN (SELECT groupId as parentId, id as deviceId FROM tc_devices WHERE groupId IS NOT NULL) AS devices ON all_groups.groupId = devices.parentId WHERE userId = ?)
2026-02-03 10:18:39  INFO: SELECT * FROM tc_users WHERE (email = ? OR login = ?)
2026-02-03 10:18:40  INFO: SELECT * FROM tc_events WHERE id IN (SELECT tc_user_device.deviceId FROM tc_user_device WHERE userId = ? UNION SELECT DISTINCT deviceId FROM tc_user_group INNER JOIN (SELECT id as parentId, id as groupId FROM tc_groups UNION SELECT groupId as parentId, id as groupId FROM tc_groups WHERE groupId IS NOT NULL UNION SELECT g2.groupId as parentId, g1.id as groupId FROM tc_groups AS g2 INNER JOIN tc_groups AS g1 ON g2.id = g1.groupId WHERE g2.groupId IS NOT NULL) AS all_groups ON tc_user_group.groupId = all_groups.parentId INNER JOIN (SELECT groupId as parentId, id as deviceId FROM tc_devices WHERE groupId IS NOT NULL) AS devices ON all_groups.groupId = devices.parentId WHERE userId = ?) ORDER BY id DESC LIMIT 10 OFFSET 6
2026-02-03 10:18:40  INFO: SELECT id, name FROM tc_devices WHERE id = ?
2026-02-03 10:18:40  INFO: SELECT id, name FROM tc_devices WHERE id = ?
2026-02-03 10:18:41  INFO: SELECT COUNT(*) FROM tc_events WHERE id IN (SELECT tc_user_device.deviceId FROM tc_user_device WHERE userId = ? UNION SELECT DISTINCT deviceId FROM tc_user_group INNER JOIN (SELECT id as parentId, id as groupId FROM tc_groups UNION SELECT groupId as parentId, id as groupId FROM tc_groups WHERE groupId IS NOT NULL UNION SELECT g2.groupId as parentId, g1.id as groupId FROM tc_groups AS g2 INNER JOIN tc_groups AS g1 ON g2.id = g1.groupId WHERE g2.groupId IS NOT NULL) AS all_groups ON tc_user_group.groupId = all_groups.parentId INNER JOIN (SELECT groupId as parentId, id as deviceId FROM tc_devices WHERE groupId IS NOT NULL) AS devices ON all_groups.groupId = devices.parentId WHERE userId = ?)
2026-02-03 10:23:04  INFO: SELECT * FROM tc_users WHERE (email = ? OR login = ?)
2026-02-03 10:23:05  INFO: SELECT * FROM tc_events WHERE id IN (SELECT tc_user_device.deviceId FROM tc_user_device WHERE userId = ? UNION SELECT DISTINCT deviceId FROM tc_user_group INNER JOIN (SELECT id as parentId, id as groupId FROM tc_groups UNION SELECT groupId as parentId, id as groupId FROM tc_groups WHERE groupId IS NOT NULL UNION SELECT g2.groupId as parentId, g1.id as groupId FROM tc_groups AS g2 INNER JOIN tc_groups AS g1 ON g2.id = g1.groupId WHERE g2.groupId IS NOT NULL) AS all_groups ON tc_user_group.groupId = all_groups.parentId INNER JOIN (SELECT groupId as parentId, id as deviceId FROM tc_devices WHERE groupId IS NOT NULL) AS devices ON all_groups.groupId = devices.parentId WHERE userId = ?) ORDER BY id DESC LIMIT 10 OFFSET 7
2026-02-03 10:23:05  INFO: SELECT id, name FROM tc_devices WHERE id = ?
2026-02-03 10:23:05  INFO: SELECT COUNT(*) FROM tc_events WHERE id IN (SELECT tc_user_device.deviceId FROM tc_user_device WHERE userId = ? UNION SELECT DISTINCT deviceId FROM tc_user_group INNER JOIN (SELECT id as parentId, id as groupId FROM tc_groups UNION SELECT groupId as parentId, id as groupId FROM tc_groups WHERE groupId IS NOT NULL UNION SELECT g2.groupId as parentId, g1.id as groupId FROM tc_groups AS g2 INNER JOIN tc_groups AS g1 ON g2.id = g1.groupId WHERE g2.groupId IS NOT NULL) AS all_groups ON tc_user_group.groupId = all_groups.parentId INNER JOIN (SELECT groupId as parentId, id as deviceId FROM tc_devices WHERE groupId IS NOT NULL) AS devices ON all_groups.groupId = devices.parentId WHERE userId = ?)
