2026-02-03 09:43:53  INFO: Operating system name: Linux version: 6.8.0-51-generic architecture: amd64
2026-02-03 09:43:53  INFO: Java runtime name: OpenJDK 64-Bit Server VM vendor: Ubuntu version: 21.0.8+9-Ubuntu-0ubuntu124.04.1
2026-02-03 09:43:53  INFO: Memory limit heap: 3458mb non-heap: 0mb
2026-02-03 09:43:53  INFO: Character encoding: UTF-8
2026-02-03 09:43:53  INFO: Version: 6.11.1
2026-02-03 09:43:53  INFO: Starting server...
2026-02-03 09:43:54  INFO: HikariPool-1 - Starting...
2026-02-03 09:43:56  INFO: HikariPool-1 - Added connection com.mysql.cj.jdbc.ConnectionImpl@4aa3d36
2026-02-03 09:43:56  INFO: HikariPool-1 - Start completed.
2026-02-03 09:43:59  INFO: Successfully acquired change log lock
2026-02-03 09:44:03  INFO: Clearing database change log checksums for database mysql
2026-02-03 09:44:04  INFO: Successfully released change log lock
2026-02-03 09:44:04  INFO: Command execution complete
2026-02-03 09:44:06  INFO: Reading from traccar.DATABASECHANGELOG
2026-02-03 09:44:25  INFO: Reading from traccar.DATABASECHANGELOG
Database is up to date, no changesets to execute
2026-02-03 09:44:26  INFO: Reading from traccar.DATABASECHANGELOG

UPDATE SUMMARY
Run:                          0
Previously run:              36
Filtered out:                 0
-------------------------------
Total change sets:           36

2026-02-03 09:44:26  INFO: UPDATE SUMMARY
2026-02-03 09:44:26  INFO: Run:                          0
2026-02-03 09:44:26  INFO: Previously run:              36
2026-02-03 09:44:26  INFO: Filtered out:                 0
2026-02-03 09:44:26  INFO: -------------------------------
2026-02-03 09:44:26  INFO: Total change sets:           36
2026-02-03 09:44:26  INFO: Update summary generated
2026-02-03 09:44:26  INFO: Command execution complete
2026-02-03 09:44:26  INFO: UPDATE tc_devices SET status = ?
2026-02-03 09:44:27  INFO: SELECT * FROM tc_servers
2026-02-03 09:44:28  INFO: jetty-12.1.5; built: 2025-12-03T22:18:24.732Z; git: 4905d09d7b6801e792d7b73946cf7b66e4be25d6; jvm 21.0.8+9-Ubuntu-0ubuntu124.04.1
2026-02-03 09:44:28  INFO: Session workerName=node0
2026-02-03 09:44:28  INFO: Started oeje10s.ServletContextHandler@36cf16a6{ROOT,/,b=file:///home/carlos/Desktop/traccar/traccar/traccar-web/simple/,a=AVAILABLE,h=oeje10s.SessionHandler@3dd750ba{STARTED}}
2026-02-03 09:44:28  INFO: Started oeje10s.ServletContextHandler@36cf16a6{ROOT,/,b=file:///home/carlos/Desktop/traccar/traccar/traccar-web/simple/,a=AVAILABLE,h=oeje10s.SessionHandler@3dd750ba{STARTED}}
2026-02-03 09:44:28  INFO: Started oejs.ServerConnector@646bf8a6{HTTP/1.1, (http/1.1)}{0.0.0.0:8082}
2026-02-03 09:44:28  INFO: Started oejs.Server@4a094f90{STARTING}[12.1.5,sto=0] @466ms
2026-02-03 09:44:45  INFO: SELECT * FROM tc_users WHERE (email = ? OR login = ?)
2026-02-03 09:44:55  INFO: SELECT * FROM tc_users WHERE (email = ? OR login = ?)
2026-02-03 09:44:56  INFO: SELECT * FROM tc_users WHERE (email = ? OR login = ?)
2026-02-03 09:45:27  INFO: SELECT * FROM tc_users WHERE (email = ? OR login = ?)
2026-02-03 09:45:27  INFO: SELECT * FROM tc_events WHERE id IN (SELECT tc_user_device.deviceId FROM tc_user_device WHERE userId = ? UNION SELECT DISTINCT deviceId FROM tc_user_group INNER JOIN (SELECT id as parentId, id as groupId FROM tc_groups UNION SELECT groupId as parentId, id as groupId FROM tc_groups WHERE groupId IS NOT NULL UNION SELECT g2.groupId as parentId, g1.id as groupId FROM tc_groups AS g2 INNER JOIN tc_groups AS g1 ON g2.id = g1.groupId WHERE g2.groupId IS NOT NULL) AS all_groups ON tc_user_group.groupId = all_groups.parentId INNER JOIN (SELECT groupId as parentId, id as deviceId FROM tc_devices WHERE groupId IS NOT NULL) AS devices ON all_groups.groupId = devices.parentId WHERE userId = ?) ORDER BY id DESC LIMIT 10
2026-02-03 09:45:28  INFO: SELECT COUNT(*) FROM tc_events WHERE id IN (SELECT tc_user_device.deviceId FROM tc_user_device WHERE userId = ? UNION SELECT DISTINCT deviceId FROM tc_user_group INNER JOIN (SELECT id as parentId, id as groupId FROM tc_groups UNION SELECT groupId as parentId, id as groupId FROM tc_groups WHERE groupId IS NOT NULL UNION SELECT g2.groupId as parentId, g1.id as groupId FROM tc_groups AS g2 INNER JOIN tc_groups AS g1 ON g2.id = g1.groupId WHERE g2.groupId IS NOT NULL) AS all_groups ON tc_user_group.groupId = all_groups.parentId INNER JOIN (SELECT groupId as parentId, id as deviceId FROM tc_devices WHERE groupId IS NOT NULL) AS devices ON all_groups.groupId = devices.parentId WHERE userId = ?)
