2026-02-03 10:24:39  INFO: Operating system name: Linux version: 6.8.0-51-generic architecture: amd64
2026-02-03 10:24:39  INFO: Java runtime name: OpenJDK 64-Bit Server VM vendor: Ubuntu version: 21.0.8+9-Ubuntu-0ubuntu124.04.1
2026-02-03 10:24:39  INFO: Memory limit heap: 3458mb non-heap: 0mb
2026-02-03 10:24:39  INFO: Character encoding: UTF-8
2026-02-03 10:24:39  INFO: Version: 6.11.1
2026-02-03 10:24:39  INFO: Starting server...
2026-02-03 10:24:39  INFO: HikariPool-1 - Starting...
2026-02-03 10:24:42  INFO: HikariPool-1 - Added connection com.mysql.cj.jdbc.ConnectionImpl@4aa3d36
2026-02-03 10:24:42  INFO: HikariPool-1 - Start completed.
2026-02-03 10:24:45  INFO: Successfully acquired change log lock
2026-02-03 10:24:49  INFO: Clearing database change log checksums for database mysql
2026-02-03 10:24:50  INFO: Successfully released change log lock
2026-02-03 10:24:50  INFO: Command execution complete
2026-02-03 10:24:51  INFO: Reading from traccar.DATABASECHANGELOG
2026-02-03 10:25:19  INFO: Reading from traccar.DATABASECHANGELOG
Database is up to date, no changesets to execute
2026-02-03 10:25:21  INFO: Reading from traccar.DATABASECHANGELOG

UPDATE SUMMARY
Run:                          0
Previously run:              36
Filtered out:                 0
-------------------------------
Total change sets:           36

2026-02-03 10:25:21  INFO: UPDATE SUMMARY
2026-02-03 10:25:21  INFO: Run:                          0
2026-02-03 10:25:21  INFO: Previously run:              36
2026-02-03 10:25:21  INFO: Filtered out:                 0
2026-02-03 10:25:21  INFO: -------------------------------
2026-02-03 10:25:21  INFO: Total change sets:           36
2026-02-03 10:25:21  INFO: Update summary generated
2026-02-03 10:25:21  INFO: Command execution complete
2026-02-03 10:25:22  INFO: UPDATE tc_devices SET status = ?
2026-02-03 10:25:22  INFO: SELECT * FROM tc_servers
2026-02-03 10:25:23  INFO: jetty-12.1.5; built: 2025-12-03T22:18:24.732Z; git: 4905d09d7b6801e792d7b73946cf7b66e4be25d6; jvm 21.0.8+9-Ubuntu-0ubuntu124.04.1
2026-02-03 10:25:23  INFO: Session workerName=node0
2026-02-03 10:25:23  INFO: Started oeje10s.ServletContextHandler@3dd750ba{ROOT,/,b=file:///home/carlos/Desktop/traccar/traccar/traccar-web/simple/,a=AVAILABLE,h=oeje10s.SessionHandler@7eefaca0{STARTED}}
2026-02-03 10:25:23  INFO: Started oeje10s.ServletContextHandler@3dd750ba{ROOT,/,b=file:///home/carlos/Desktop/traccar/traccar/traccar-web/simple/,a=AVAILABLE,h=oeje10s.SessionHandler@7eefaca0{STARTED}}
2026-02-03 10:25:23  INFO: Started oejs.ServerConnector@5b64795b{HTTP/1.1, (http/1.1)}{0.0.0.0:8082}
2026-02-03 10:25:23  INFO: Started oejs.Server@7957aa57{STARTING}[12.1.5,sto=0] @464ms
2026-02-03 10:30:38  INFO: SELECT * FROM tc_users WHERE (email = ? OR login = ?)
2026-02-03 10:31:15  INFO: SELECT * FROM tc_users WHERE (email = ? OR login = ?)
2026-02-03 10:31:16  INFO: SELECT * FROM tc_events WHERE id IN (SELECT tc_user_device.deviceId FROM tc_user_device WHERE userId = ? UNION SELECT DISTINCT deviceId FROM tc_user_group INNER JOIN (SELECT id as parentId, id as groupId FROM tc_groups UNION SELECT groupId as parentId, id as groupId FROM tc_groups WHERE groupId IS NOT NULL UNION SELECT g2.groupId as parentId, g1.id as groupId FROM tc_groups AS g2 INNER JOIN tc_groups AS g1 ON g2.id = g1.groupId WHERE g2.groupId IS NOT NULL) AS all_groups ON tc_user_group.groupId = all_groups.parentId INNER JOIN (SELECT groupId as parentId, id as deviceId FROM tc_devices WHERE groupId IS NOT NULL) AS devices ON all_groups.groupId = devices.parentId WHERE userId = ?) AND ((((type = ? OR type = ?) OR type = ?) OR type = ?) OR type = ?) ORDER BY id DESC LIMIT 10
2026-02-03 10:31:16  INFO: SELECT id, name FROM tc_devices WHERE id = ?
2026-02-03 10:31:17  INFO: SELECT id, name FROM tc_devices WHERE id = ?
2026-02-03 10:31:17  INFO: SELECT id, name FROM tc_devices WHERE id = ?
2026-02-03 10:31:17  INFO: SELECT COUNT(*) FROM tc_events WHERE id IN (SELECT tc_user_device.deviceId FROM tc_user_device WHERE userId = ? UNION SELECT DISTINCT deviceId FROM tc_user_group INNER JOIN (SELECT id as parentId, id as groupId FROM tc_groups UNION SELECT groupId as parentId, id as groupId FROM tc_groups WHERE groupId IS NOT NULL UNION SELECT g2.groupId as parentId, g1.id as groupId FROM tc_groups AS g2 INNER JOIN tc_groups AS g1 ON g2.id = g1.groupId WHERE g2.groupId IS NOT NULL) AS all_groups ON tc_user_group.groupId = all_groups.parentId INNER JOIN (SELECT groupId as parentId, id as deviceId FROM tc_devices WHERE groupId IS NOT NULL) AS devices ON all_groups.groupId = devices.parentId WHERE userId = ?) AND ((((type = ? OR type = ?) OR type = ?) OR type = ?) OR type = ?)
2026-02-03 10:32:08  INFO: SELECT * FROM tc_users WHERE (email = ? OR login = ?)
2026-02-03 10:32:09  INFO: SELECT * FROM tc_events WHERE id IN (SELECT tc_user_device.deviceId FROM tc_user_device WHERE userId = ? UNION SELECT DISTINCT deviceId FROM tc_user_group INNER JOIN (SELECT id as parentId, id as groupId FROM tc_groups UNION SELECT groupId as parentId, id as groupId FROM tc_groups WHERE groupId IS NOT NULL UNION SELECT g2.groupId as parentId, g1.id as groupId FROM tc_groups AS g2 INNER JOIN tc_groups AS g1 ON g2.id = g1.groupId WHERE g2.groupId IS NOT NULL) AS all_groups ON tc_user_group.groupId = all_groups.parentId INNER JOIN (SELECT groupId as parentId, id as deviceId FROM tc_devices WHERE groupId IS NOT NULL) AS devices ON all_groups.groupId = devices.parentId WHERE userId = ?) AND ((((type = ? OR type = ?) OR type = ?) OR type = ?) OR type = ?) ORDER BY id DESC LIMIT 10 OFFSET 1
2026-02-03 10:32:09  INFO: SELECT * FROM tc_users WHERE (email = ? OR login = ?)
2026-02-03 10:32:09  INFO: SELECT id, name FROM tc_devices WHERE id = ?
2026-02-03 10:32:09  INFO: SELECT * FROM tc_contacts WHERE userId = ? AND status = ?
2026-02-03 10:32:09  INFO: SELECT id, name FROM tc_devices WHERE id = ?
2026-02-03 10:32:10  INFO: SELECT COUNT(*) FROM tc_events WHERE id IN (SELECT tc_user_device.deviceId FROM tc_user_device WHERE userId = ? UNION SELECT DISTINCT deviceId FROM tc_user_group INNER JOIN (SELECT id as parentId, id as groupId FROM tc_groups UNION SELECT groupId as parentId, id as groupId FROM tc_groups WHERE groupId IS NOT NULL UNION SELECT g2.groupId as parentId, g1.id as groupId FROM tc_groups AS g2 INNER JOIN tc_groups AS g1 ON g2.id = g1.groupId WHERE g2.groupId IS NOT NULL) AS all_groups ON tc_user_group.groupId = all_groups.parentId INNER JOIN (SELECT groupId as parentId, id as deviceId FROM tc_devices WHERE groupId IS NOT NULL) AS devices ON all_groups.groupId = devices.parentId WHERE userId = ?) AND ((((type = ? OR type = ?) OR type = ?) OR type = ?) OR type = ?)
2026-02-03 10:32:13  INFO: SELECT * FROM tc_users WHERE (email = ? OR login = ?)
2026-02-03 10:32:13  INFO: SELECT * FROM tc_users WHERE (email = ? OR login = ?)
2026-02-03 10:32:13  INFO: SELECT * FROM tc_users WHERE (email = ? OR login = ?)
2026-02-03 10:32:13  INFO: SELECT * FROM tc_events WHERE id IN (SELECT tc_user_device.deviceId FROM tc_user_device WHERE userId = ? UNION SELECT DISTINCT deviceId FROM tc_user_group INNER JOIN (SELECT id as parentId, id as groupId FROM tc_groups UNION SELECT groupId as parentId, id as groupId FROM tc_groups WHERE groupId IS NOT NULL UNION SELECT g2.groupId as parentId, g1.id as groupId FROM tc_groups AS g2 INNER JOIN tc_groups AS g1 ON g2.id = g1.groupId WHERE g2.groupId IS NOT NULL) AS all_groups ON tc_user_group.groupId = all_groups.parentId INNER JOIN (SELECT groupId as parentId, id as deviceId FROM tc_devices WHERE groupId IS NOT NULL) AS devices ON all_groups.groupId = devices.parentId WHERE userId = ?) AND ((((type = ? OR type = ?) OR type = ?) OR type = ?) OR type = ?) ORDER BY id DESC LIMIT 10 OFFSET 1
2026-02-03 10:32:13  INFO: SELECT * FROM tc_devices WHERE id IN (SELECT tc_user_device.deviceId FROM tc_user_device WHERE userId = ? UNION SELECT DISTINCT deviceId FROM tc_user_group INNER JOIN (SELECT id as parentId, id as groupId FROM tc_groups UNION SELECT groupId as parentId, id as groupId FROM tc_groups WHERE groupId IS NOT NULL UNION SELECT g2.groupId as parentId, g1.id as groupId FROM tc_groups AS g2 INNER JOIN tc_groups AS g1 ON g2.id = g1.groupId WHERE g2.groupId IS NOT NULL) AS all_groups ON tc_user_group.groupId = all_groups.parentId INNER JOIN (SELECT groupId as parentId, id as deviceId FROM tc_devices WHERE groupId IS NOT NULL) AS devices ON all_groups.groupId = devices.parentId WHERE userId = ?) ORDER BY name
2026-02-03 10:32:13  INFO: SELECT * FROM tc_devices WHERE id IN (SELECT tc_user_device.deviceId FROM tc_user_device WHERE userId = ? UNION SELECT DISTINCT deviceId FROM tc_user_group INNER JOIN (SELECT id as parentId, id as groupId FROM tc_groups UNION SELECT groupId as parentId, id as groupId FROM tc_groups WHERE groupId IS NOT NULL UNION SELECT g2.groupId as parentId, g1.id as groupId FROM tc_groups AS g2 INNER JOIN tc_groups AS g1 ON g2.id = g1.groupId WHERE g2.groupId IS NOT NULL) AS all_groups ON tc_user_group.groupId = all_groups.parentId INNER JOIN (SELECT groupId as parentId, id as deviceId FROM tc_devices WHERE groupId IS NOT NULL) AS devices ON all_groups.groupId = devices.parentId WHERE userId = ?) ORDER BY name
2026-02-03 10:32:13  INFO: SELECT id, name FROM tc_devices WHERE id = ?
2026-02-03 10:32:14  INFO: SELECT id, name FROM tc_devices WHERE id = ?
2026-02-03 10:32:14  INFO: SELECT COUNT(*) FROM tc_events WHERE id IN (SELECT tc_user_device.deviceId FROM tc_user_device WHERE userId = ? UNION SELECT DISTINCT deviceId FROM tc_user_group INNER JOIN (SELECT id as parentId, id as groupId FROM tc_groups UNION SELECT groupId as parentId, id as groupId FROM tc_groups WHERE groupId IS NOT NULL UNION SELECT g2.groupId as parentId, g1.id as groupId FROM tc_groups AS g2 INNER JOIN tc_groups AS g1 ON g2.id = g1.groupId WHERE g2.groupId IS NOT NULL) AS all_groups ON tc_user_group.groupId = all_groups.parentId INNER JOIN (SELECT groupId as parentId, id as deviceId FROM tc_devices WHERE groupId IS NOT NULL) AS devices ON all_groups.groupId = devices.parentId WHERE userId = ?) AND ((((type = ? OR type = ?) OR type = ?) OR type = ?) OR type = ?)
2026-02-03 10:40:22  INFO: SELECT * FROM tc_reports
2026-02-03 10:40:22  INFO: SELECT * FROM tc_groups
2026-02-03 10:40:23  INFO: SELECT * FROM tc_devices
2026-02-03 10:45:27  WARN: HikariPool-1 - Failed to validate connection com.mysql.cj.jdbc.ConnectionImpl@57f12a09 (No operations allowed after connection closed.). Possibly consider using a shorter maxLifetime value.
2026-02-03 10:55:22  INFO: SELECT * FROM tc_reports
2026-02-03 10:55:22  INFO: SELECT * FROM tc_groups
2026-02-03 10:55:22  INFO: SELECT * FROM tc_devices
2026-02-03 11:10:22  INFO: SELECT * FROM tc_reports
2026-02-03 11:10:22  INFO: SELECT * FROM tc_groups
2026-02-03 11:10:23  INFO: SELECT * FROM tc_devices
2026-02-03 11:17:21  INFO: SELECT * FROM tc_users WHERE (email = ? OR login = ?)
2026-02-03 11:17:21  INFO: SELECT * FROM tc_devices WHERE id IN (SELECT tc_user_device.deviceId FROM tc_user_device WHERE userId = ? UNION SELECT DISTINCT deviceId FROM tc_user_group INNER JOIN (SELECT id as parentId, id as groupId FROM tc_groups UNION SELECT groupId as parentId, id as groupId FROM tc_groups WHERE groupId IS NOT NULL UNION SELECT g2.groupId as parentId, g1.id as groupId FROM tc_groups AS g2 INNER JOIN tc_groups AS g1 ON g2.id = g1.groupId WHERE g2.groupId IS NOT NULL) AS all_groups ON tc_user_group.groupId = all_groups.parentId INNER JOIN (SELECT groupId as parentId, id as deviceId FROM tc_devices WHERE groupId IS NOT NULL) AS devices ON all_groups.groupId = devices.parentId WHERE userId = ?) ORDER BY name
2026-02-03 11:17:22  INFO: SELECT * FROM tc_users WHERE (email = ? OR login = ?)
2026-02-03 11:17:22  INFO: SELECT * FROM tc_users WHERE (email = ? OR login = ?)
2026-02-03 11:17:22  INFO: SELECT * FROM tc_users WHERE (email = ? OR login = ?)
2026-02-03 11:17:22  INFO: SELECT id FROM tc_devices WHERE id IN (SELECT tc_user_device.deviceId FROM tc_user_device WHERE userId = ? UNION SELECT DISTINCT deviceId FROM tc_user_group INNER JOIN (SELECT id as parentId, id as groupId FROM tc_groups UNION SELECT groupId as parentId, id as groupId FROM tc_groups WHERE groupId IS NOT NULL UNION SELECT g2.groupId as parentId, g1.id as groupId FROM tc_groups AS g2 INNER JOIN tc_groups AS g1 ON g2.id = g1.groupId WHERE g2.groupId IS NOT NULL) AS all_groups ON tc_user_group.groupId = all_groups.parentId INNER JOIN (SELECT groupId as parentId, id as deviceId FROM tc_devices WHERE groupId IS NOT NULL) AS devices ON all_groups.groupId = devices.parentId WHERE userId = ?)
2026-02-03 11:17:22  INFO: SELECT * FROM tc_devices WHERE id IN (SELECT tc_user_device.deviceId FROM tc_user_device WHERE userId = ? UNION SELECT DISTINCT deviceId FROM tc_user_group INNER JOIN (SELECT id as parentId, id as groupId FROM tc_groups UNION SELECT groupId as parentId, id as groupId FROM tc_groups WHERE groupId IS NOT NULL UNION SELECT g2.groupId as parentId, g1.id as groupId FROM tc_groups AS g2 INNER JOIN tc_groups AS g1 ON g2.id = g1.groupId WHERE g2.groupId IS NOT NULL) AS all_groups ON tc_user_group.groupId = all_groups.parentId INNER JOIN (SELECT groupId as parentId, id as deviceId FROM tc_devices WHERE groupId IS NOT NULL) AS devices ON all_groups.groupId = devices.parentId WHERE userId = ?) ORDER BY name
2026-02-03 11:17:22  INFO: SELECT * FROM tc_devices WHERE id IN (SELECT tc_user_device.deviceId FROM tc_user_device WHERE userId = ? UNION SELECT DISTINCT deviceId FROM tc_user_group INNER JOIN (SELECT id as parentId, id as groupId FROM tc_groups UNION SELECT groupId as parentId, id as groupId FROM tc_groups WHERE groupId IS NOT NULL UNION SELECT g2.groupId as parentId, g1.id as groupId FROM tc_groups AS g2 INNER JOIN tc_groups AS g1 ON g2.id = g1.groupId WHERE g2.groupId IS NOT NULL) AS all_groups ON tc_user_group.groupId = all_groups.parentId INNER JOIN (SELECT groupId as parentId, id as deviceId FROM tc_devices WHERE groupId IS NOT NULL) AS devices ON all_groups.groupId = devices.parentId WHERE userId = ?) ORDER BY name
2026-02-03 11:17:22  INFO: SELECT * FROM tc_positions WHERE id IN (SELECT positionId FROM tc_devices)
2026-02-03 11:17:23  WARN: baseResource file:///home/carlos/Desktop/traccar/traccar/./target/media is not a readable directory
2026-02-03 11:17:32  INFO: SELECT * FROM tc_users WHERE (email = ? OR login = ?)
2026-02-03 11:17:32  INFO: SELECT * FROM tc_events WHERE id IN (SELECT tc_user_device.deviceId FROM tc_user_device WHERE userId = ? UNION SELECT DISTINCT deviceId FROM tc_user_group INNER JOIN (SELECT id as parentId, id as groupId FROM tc_groups UNION SELECT groupId as parentId, id as groupId FROM tc_groups WHERE groupId IS NOT NULL UNION SELECT g2.groupId as parentId, g1.id as groupId FROM tc_groups AS g2 INNER JOIN tc_groups AS g1 ON g2.id = g1.groupId WHERE g2.groupId IS NOT NULL) AS all_groups ON tc_user_group.groupId = all_groups.parentId INNER JOIN (SELECT groupId as parentId, id as deviceId FROM tc_devices WHERE groupId IS NOT NULL) AS devices ON all_groups.groupId = devices.parentId WHERE userId = ?) AND ((((type = ? OR type = ?) OR type = ?) OR type = ?) OR type = ?) ORDER BY id DESC LIMIT 10 OFFSET 1
2026-02-03 11:17:33  INFO: SELECT id, name FROM tc_devices WHERE id = ?
2026-02-03 11:17:33  INFO: SELECT id, name FROM tc_devices WHERE id = ?
2026-02-03 11:17:33  INFO: SELECT COUNT(*) FROM tc_events WHERE id IN (SELECT tc_user_device.deviceId FROM tc_user_device WHERE userId = ? UNION SELECT DISTINCT deviceId FROM tc_user_group INNER JOIN (SELECT id as parentId, id as groupId FROM tc_groups UNION SELECT groupId as parentId, id as groupId FROM tc_groups WHERE groupId IS NOT NULL UNION SELECT g2.groupId as parentId, g1.id as groupId FROM tc_groups AS g2 INNER JOIN tc_groups AS g1 ON g2.id = g1.groupId WHERE g2.groupId IS NOT NULL) AS all_groups ON tc_user_group.groupId = all_groups.parentId INNER JOIN (SELECT groupId as parentId, id as deviceId FROM tc_devices WHERE groupId IS NOT NULL) AS devices ON all_groups.groupId = devices.parentId WHERE userId = ?) AND ((((type = ? OR type = ?) OR type = ?) OR type = ?) OR type = ?)
2026-02-03 11:17:41  INFO: SELECT * FROM tc_users WHERE (email = ? OR login = ?)
2026-02-03 11:17:41  INFO: SELECT * FROM tc_events WHERE id IN (SELECT tc_user_device.deviceId FROM tc_user_device WHERE userId = ? UNION SELECT DISTINCT deviceId FROM tc_user_group INNER JOIN (SELECT id as parentId, id as groupId FROM tc_groups UNION SELECT groupId as parentId, id as groupId FROM tc_groups WHERE groupId IS NOT NULL UNION SELECT g2.groupId as parentId, g1.id as groupId FROM tc_groups AS g2 INNER JOIN tc_groups AS g1 ON g2.id = g1.groupId WHERE g2.groupId IS NOT NULL) AS all_groups ON tc_user_group.groupId = all_groups.parentId INNER JOIN (SELECT groupId as parentId, id as deviceId FROM tc_devices WHERE groupId IS NOT NULL) AS devices ON all_groups.groupId = devices.parentId WHERE userId = ?) AND ((((type = ? OR type = ?) OR type = ?) OR type = ?) OR type = ?) ORDER BY id DESC LIMIT 10 OFFSET 1
2026-02-03 11:17:42  INFO: SELECT id, name FROM tc_devices WHERE id = ?
2026-02-03 11:17:42  INFO: SELECT id, name FROM tc_devices WHERE id = ?
2026-02-03 11:17:42  INFO: SELECT COUNT(*) FROM tc_events WHERE id IN (SELECT tc_user_device.deviceId FROM tc_user_device WHERE userId = ? UNION SELECT DISTINCT deviceId FROM tc_user_group INNER JOIN (SELECT id as parentId, id as groupId FROM tc_groups UNION SELECT groupId as parentId, id as groupId FROM tc_groups WHERE groupId IS NOT NULL UNION SELECT g2.groupId as parentId, g1.id as groupId FROM tc_groups AS g2 INNER JOIN tc_groups AS g1 ON g2.id = g1.groupId WHERE g2.groupId IS NOT NULL) AS all_groups ON tc_user_group.groupId = all_groups.parentId INNER JOIN (SELECT groupId as parentId, id as deviceId FROM tc_devices WHERE groupId IS NOT NULL) AS devices ON all_groups.groupId = devices.parentId WHERE userId = ?) AND ((((type = ? OR type = ?) OR type = ?) OR type = ?) OR type = ?)
2026-02-03 11:17:49  INFO: SELECT * FROM tc_users WHERE (email = ? OR login = ?)
2026-02-03 11:17:49  INFO: SELECT * FROM tc_users WHERE (email = ? OR login = ?)
2026-02-03 11:17:49  INFO: SELECT * FROM tc_devices WHERE id IN (SELECT tc_user_device.deviceId FROM tc_user_device WHERE userId = ? UNION SELECT DISTINCT deviceId FROM tc_user_group INNER JOIN (SELECT id as parentId, id as groupId FROM tc_groups UNION SELECT groupId as parentId, id as groupId FROM tc_groups WHERE groupId IS NOT NULL UNION SELECT g2.groupId as parentId, g1.id as groupId FROM tc_groups AS g2 INNER JOIN tc_groups AS g1 ON g2.id = g1.groupId WHERE g2.groupId IS NOT NULL) AS all_groups ON tc_user_group.groupId = all_groups.parentId INNER JOIN (SELECT groupId as parentId, id as deviceId FROM tc_devices WHERE groupId IS NOT NULL) AS devices ON all_groups.groupId = devices.parentId WHERE userId = ?) ORDER BY name
2026-02-03 11:17:50  INFO: SELECT * FROM tc_devices WHERE id IN (SELECT tc_user_device.deviceId FROM tc_user_device WHERE userId = ? UNION SELECT DISTINCT deviceId FROM tc_user_group INNER JOIN (SELECT id as parentId, id as groupId FROM tc_groups UNION SELECT groupId as parentId, id as groupId FROM tc_groups WHERE groupId IS NOT NULL UNION SELECT g2.groupId as parentId, g1.id as groupId FROM tc_groups AS g2 INNER JOIN tc_groups AS g1 ON g2.id = g1.groupId WHERE g2.groupId IS NOT NULL) AS all_groups ON tc_user_group.groupId = all_groups.parentId INNER JOIN (SELECT groupId as parentId, id as deviceId FROM tc_devices WHERE groupId IS NOT NULL) AS devices ON all_groups.groupId = devices.parentId WHERE userId = ?) ORDER BY name
2026-02-03 11:17:54  INFO: SELECT * FROM tc_users WHERE (email = ? OR login = ?)
2026-02-03 11:17:54  INFO: SELECT * FROM tc_devices WHERE id IN (SELECT tc_user_device.deviceId FROM tc_user_device WHERE userId = ? UNION SELECT DISTINCT deviceId FROM tc_user_group INNER JOIN (SELECT id as parentId, id as groupId FROM tc_groups UNION SELECT groupId as parentId, id as groupId FROM tc_groups WHERE groupId IS NOT NULL UNION SELECT g2.groupId as parentId, g1.id as groupId FROM tc_groups AS g2 INNER JOIN tc_groups AS g1 ON g2.id = g1.groupId WHERE g2.groupId IS NOT NULL) AS all_groups ON tc_user_group.groupId = all_groups.parentId INNER JOIN (SELECT groupId as parentId, id as deviceId FROM tc_devices WHERE groupId IS NOT NULL) AS devices ON all_groups.groupId = devices.parentId WHERE userId = ?) ORDER BY name
2026-02-03 11:18:05  INFO: SELECT * FROM tc_users WHERE (email = ? OR login = ?)
2026-02-03 11:18:05  INFO: INSERT INTO tc_actions(actionType, actionTime, address, attributes, userId, objectId, objectType) VALUES (?, ?, ?, ?, ?, ?, ?)
2026-02-03 11:18:06  INFO: SELECT * FROM tc_users WHERE (email = ? OR login = ?)
2026-02-03 11:18:06  INFO: SELECT * FROM tc_devices WHERE id IN (SELECT tc_user_device.deviceId FROM tc_user_device WHERE userId = ? UNION SELECT DISTINCT deviceId FROM tc_user_group INNER JOIN (SELECT id as parentId, id as groupId FROM tc_groups UNION SELECT groupId as parentId, id as groupId FROM tc_groups WHERE groupId IS NOT NULL UNION SELECT g2.groupId as parentId, g1.id as groupId FROM tc_groups AS g2 INNER JOIN tc_groups AS g1 ON g2.id = g1.groupId WHERE g2.groupId IS NOT NULL) AS all_groups ON tc_user_group.groupId = all_groups.parentId INNER JOIN (SELECT groupId as parentId, id as deviceId FROM tc_devices WHERE groupId IS NOT NULL) AS devices ON all_groups.groupId = devices.parentId WHERE userId = ?) ORDER BY name
2026-02-03 11:18:07  INFO: SELECT * FROM tc_users WHERE (email = ? OR login = ?)
2026-02-03 11:18:07  INFO: SELECT id FROM tc_devices WHERE id IN (SELECT tc_user_device.deviceId FROM tc_user_device WHERE userId = ? UNION SELECT DISTINCT deviceId FROM tc_user_group INNER JOIN (SELECT id as parentId, id as groupId FROM tc_groups UNION SELECT groupId as parentId, id as groupId FROM tc_groups WHERE groupId IS NOT NULL UNION SELECT g2.groupId as parentId, g1.id as groupId FROM tc_groups AS g2 INNER JOIN tc_groups AS g1 ON g2.id = g1.groupId WHERE g2.groupId IS NOT NULL) AS all_groups ON tc_user_group.groupId = all_groups.parentId INNER JOIN (SELECT groupId as parentId, id as deviceId FROM tc_devices WHERE groupId IS NOT NULL) AS devices ON all_groups.groupId = devices.parentId WHERE userId = ?)
2026-02-03 11:18:07  INFO: SELECT * FROM tc_positions WHERE id IN (SELECT positionId FROM tc_devices)
2026-02-03 11:18:08  INFO: SELECT * FROM tc_users WHERE (email = ? OR login = ?)
2026-02-03 11:18:08  INFO: SELECT * FROM tc_users WHERE (email = ? OR login = ?)
2026-02-03 11:18:08  INFO: SELECT * FROM tc_devices WHERE id IN (SELECT tc_user_device.deviceId FROM tc_user_device WHERE userId = ? UNION SELECT DISTINCT deviceId FROM tc_user_group INNER JOIN (SELECT id as parentId, id as groupId FROM tc_groups UNION SELECT groupId as parentId, id as groupId FROM tc_groups WHERE groupId IS NOT NULL UNION SELECT g2.groupId as parentId, g1.id as groupId FROM tc_groups AS g2 INNER JOIN tc_groups AS g1 ON g2.id = g1.groupId WHERE g2.groupId IS NOT NULL) AS all_groups ON tc_user_group.groupId = all_groups.parentId INNER JOIN (SELECT groupId as parentId, id as deviceId FROM tc_devices WHERE groupId IS NOT NULL) AS devices ON all_groups.groupId = devices.parentId WHERE userId = ?) ORDER BY name
2026-02-03 11:18:08  INFO: SELECT * FROM tc_devices WHERE id IN (SELECT tc_user_device.deviceId FROM tc_user_device WHERE userId = ? UNION SELECT DISTINCT deviceId FROM tc_user_group INNER JOIN (SELECT id as parentId, id as groupId FROM tc_groups UNION SELECT groupId as parentId, id as groupId FROM tc_groups WHERE groupId IS NOT NULL UNION SELECT g2.groupId as parentId, g1.id as groupId FROM tc_groups AS g2 INNER JOIN tc_groups AS g1 ON g2.id = g1.groupId WHERE g2.groupId IS NOT NULL) AS all_groups ON tc_user_group.groupId = all_groups.parentId INNER JOIN (SELECT groupId as parentId, id as deviceId FROM tc_devices WHERE groupId IS NOT NULL) AS devices ON all_groups.groupId = devices.parentId WHERE userId = ?) ORDER BY name
2026-02-03 11:18:08  INFO: SELECT * FROM tc_devices WHERE uniqueId = ?
2026-02-03 11:18:08  INFO: SELECT * FROM tc_devices WHERE uniqueId = ?
2026-02-03 11:18:09  INFO: SELECT * FROM tc_devices WHERE uniqueId = ?
2026-02-03 11:18:09  INFO: SELECT * FROM tc_devices WHERE uniqueId = ?
2026-02-03 11:18:09  INFO: SELECT * FROM tc_devices WHERE uniqueId = ?
2026-02-03 11:18:09  INFO: SELECT * FROM tc_devices WHERE uniqueId = ?
2026-02-03 11:18:09  INFO: SELECT * FROM tc_users WHERE id = ?
2026-02-03 11:18:09  INFO: SELECT * FROM tc_devices WHERE uniqueId = ?
2026-02-03 11:18:09  INFO: SELECT * FROM tc_devices WHERE uniqueId = ?
2026-02-03 11:18:09  INFO: SELECT * FROM tc_users WHERE id = ?
2026-02-03 11:18:09  INFO: SELECT * FROM tc_users WHERE id = ?
2026-02-03 11:18:09  INFO: SELECT * FROM tc_users WHERE id = ?
2026-02-03 11:18:09  INFO: SELECT * FROM tc_users WHERE id = ?
2026-02-03 11:18:09  INFO: SELECT * FROM tc_users WHERE id = ?
2026-02-03 11:18:09  INFO: SELECT * FROM tc_users WHERE id = ?
2026-02-03 11:18:09  INFO: SELECT id FROM tc_devices WHERE id = ? AND id IN (SELECT tc_user_device.deviceId FROM tc_user_device WHERE userId = ? UNION SELECT DISTINCT deviceId FROM tc_user_group INNER JOIN (SELECT id as parentId, id as groupId FROM tc_groups UNION SELECT groupId as parentId, id as groupId FROM tc_groups WHERE groupId IS NOT NULL UNION SELECT g2.groupId as parentId, g1.id as groupId FROM tc_groups AS g2 INNER JOIN tc_groups AS g1 ON g2.id = g1.groupId WHERE g2.groupId IS NOT NULL) AS all_groups ON tc_user_group.groupId = all_groups.parentId INNER JOIN (SELECT groupId as parentId, id as deviceId FROM tc_devices WHERE groupId IS NOT NULL) AS devices ON all_groups.groupId = devices.parentId WHERE userId = ?)
2026-02-03 11:18:09  INFO: SELECT id FROM tc_devices WHERE id = ? AND id IN (SELECT tc_user_device.deviceId FROM tc_user_device WHERE userId = ? UNION SELECT DISTINCT deviceId FROM tc_user_group INNER JOIN (SELECT id as parentId, id as groupId FROM tc_groups UNION SELECT groupId as parentId, id as groupId FROM tc_groups WHERE groupId IS NOT NULL UNION SELECT g2.groupId as parentId, g1.id as groupId FROM tc_groups AS g2 INNER JOIN tc_groups AS g1 ON g2.id = g1.groupId WHERE g2.groupId IS NOT NULL) AS all_groups ON tc_user_group.groupId = all_groups.parentId INNER JOIN (SELECT groupId as parentId, id as deviceId FROM tc_devices WHERE groupId IS NOT NULL) AS devices ON all_groups.groupId = devices.parentId WHERE userId = ?)
2026-02-03 11:18:09  INFO: SELECT * FROM tc_users WHERE id = ?
2026-02-03 11:18:09  INFO: SELECT id FROM tc_devices WHERE id = ? AND id IN (SELECT tc_user_device.deviceId FROM tc_user_device WHERE userId = ? UNION SELECT DISTINCT deviceId FROM tc_user_group INNER JOIN (SELECT id as parentId, id as groupId FROM tc_groups UNION SELECT groupId as parentId, id as groupId FROM tc_groups WHERE groupId IS NOT NULL UNION SELECT g2.groupId as parentId, g1.id as groupId FROM tc_groups AS g2 INNER JOIN tc_groups AS g1 ON g2.id = g1.groupId WHERE g2.groupId IS NOT NULL) AS all_groups ON tc_user_group.groupId = all_groups.parentId INNER JOIN (SELECT groupId as parentId, id as deviceId FROM tc_devices WHERE groupId IS NOT NULL) AS devices ON all_groups.groupId = devices.parentId WHERE userId = ?)
2026-02-03 11:18:09  INFO: SELECT id FROM tc_devices WHERE id = ? AND id IN (SELECT tc_user_device.deviceId FROM tc_user_device WHERE userId = ? UNION SELECT DISTINCT deviceId FROM tc_user_group INNER JOIN (SELECT id as parentId, id as groupId FROM tc_groups UNION SELECT groupId as parentId, id as groupId FROM tc_groups WHERE groupId IS NOT NULL UNION SELECT g2.groupId as parentId, g1.id as groupId FROM tc_groups AS g2 INNER JOIN tc_groups AS g1 ON g2.id = g1.groupId WHERE g2.groupId IS NOT NULL) AS all_groups ON tc_user_group.groupId = all_groups.parentId INNER JOIN (SELECT groupId as parentId, id as deviceId FROM tc_devices WHERE groupId IS NOT NULL) AS devices ON all_groups.groupId = devices.parentId WHERE userId = ?)
2026-02-03 11:18:09  INFO: SELECT id FROM tc_devices WHERE id = ? AND id IN (SELECT tc_user_device.deviceId FROM tc_user_device WHERE userId = ? UNION SELECT DISTINCT deviceId FROM tc_user_group INNER JOIN (SELECT id as parentId, id as groupId FROM tc_groups UNION SELECT groupId as parentId, id as groupId FROM tc_groups WHERE groupId IS NOT NULL UNION SELECT g2.groupId as parentId, g1.id as groupId FROM tc_groups AS g2 INNER JOIN tc_groups AS g1 ON g2.id = g1.groupId WHERE g2.groupId IS NOT NULL) AS all_groups ON tc_user_group.groupId = all_groups.parentId INNER JOIN (SELECT groupId as parentId, id as deviceId FROM tc_devices WHERE groupId IS NOT NULL) AS devices ON all_groups.groupId = devices.parentId WHERE userId = ?)
2026-02-03 11:18:09  INFO: SELECT id FROM tc_devices WHERE id = ? AND id IN (SELECT tc_user_device.deviceId FROM tc_user_device WHERE userId = ? UNION SELECT DISTINCT deviceId FROM tc_user_group INNER JOIN (SELECT id as parentId, id as groupId FROM tc_groups UNION SELECT groupId as parentId, id as groupId FROM tc_groups WHERE groupId IS NOT NULL UNION SELECT g2.groupId as parentId, g1.id as groupId FROM tc_groups AS g2 INNER JOIN tc_groups AS g1 ON g2.id = g1.groupId WHERE g2.groupId IS NOT NULL) AS all_groups ON tc_user_group.groupId = all_groups.parentId INNER JOIN (SELECT groupId as parentId, id as deviceId FROM tc_devices WHERE groupId IS NOT NULL) AS devices ON all_groups.groupId = devices.parentId WHERE userId = ?)
2026-02-03 11:18:09  INFO: SELECT id FROM tc_devices WHERE id = ? AND id IN (SELECT tc_user_device.deviceId FROM tc_user_device WHERE userId = ? UNION SELECT DISTINCT deviceId FROM tc_user_group INNER JOIN (SELECT id as parentId, id as groupId FROM tc_groups UNION SELECT groupId as parentId, id as groupId FROM tc_groups WHERE groupId IS NOT NULL UNION SELECT g2.groupId as parentId, g1.id as groupId FROM tc_groups AS g2 INNER JOIN tc_groups AS g1 ON g2.id = g1.groupId WHERE g2.groupId IS NOT NULL) AS all_groups ON tc_user_group.groupId = all_groups.parentId INNER JOIN (SELECT groupId as parentId, id as deviceId FROM tc_devices WHERE groupId IS NOT NULL) AS devices ON all_groups.groupId = devices.parentId WHERE userId = ?)
2026-02-03 11:18:09  INFO: SELECT id FROM tc_devices WHERE id = ? AND id IN (SELECT tc_user_device.deviceId FROM tc_user_device WHERE userId = ? UNION SELECT DISTINCT deviceId FROM tc_user_group INNER JOIN (SELECT id as parentId, id as groupId FROM tc_groups UNION SELECT groupId as parentId, id as groupId FROM tc_groups WHERE groupId IS NOT NULL UNION SELECT g2.groupId as parentId, g1.id as groupId FROM tc_groups AS g2 INNER JOIN tc_groups AS g1 ON g2.id = g1.groupId WHERE g2.groupId IS NOT NULL) AS all_groups ON tc_user_group.groupId = all_groups.parentId INNER JOIN (SELECT groupId as parentId, id as deviceId FROM tc_devices WHERE groupId IS NOT NULL) AS devices ON all_groups.groupId = devices.parentId WHERE userId = ?)
2026-02-03 11:21:20  INFO: SELECT * FROM tc_users WHERE (email = ? OR login = ?)
2026-02-03 11:21:20  INFO: SELECT * FROM tc_events WHERE id IN (SELECT tc_user_device.deviceId FROM tc_user_device WHERE userId = ? UNION SELECT DISTINCT deviceId FROM tc_user_group INNER JOIN (SELECT id as parentId, id as groupId FROM tc_groups UNION SELECT groupId as parentId, id as groupId FROM tc_groups WHERE groupId IS NOT NULL UNION SELECT g2.groupId as parentId, g1.id as groupId FROM tc_groups AS g2 INNER JOIN tc_groups AS g1 ON g2.id = g1.groupId WHERE g2.groupId IS NOT NULL) AS all_groups ON tc_user_group.groupId = all_groups.parentId INNER JOIN (SELECT groupId as parentId, id as deviceId FROM tc_devices WHERE groupId IS NOT NULL) AS devices ON all_groups.groupId = devices.parentId WHERE userId = ?) AND ((((type = ? OR type = ?) OR type = ?) OR type = ?) OR type = ?) ORDER BY id DESC LIMIT 10 OFFSET 1
2026-02-03 11:21:21  INFO: SELECT id, name FROM tc_devices WHERE id = ?
2026-02-03 11:21:21  INFO: SELECT id, name FROM tc_devices WHERE id = ?
2026-02-03 11:21:21  INFO: SELECT COUNT(*) FROM tc_events WHERE id IN (SELECT tc_user_device.deviceId FROM tc_user_device WHERE userId = ? UNION SELECT DISTINCT deviceId FROM tc_user_group INNER JOIN (SELECT id as parentId, id as groupId FROM tc_groups UNION SELECT groupId as parentId, id as groupId FROM tc_groups WHERE groupId IS NOT NULL UNION SELECT g2.groupId as parentId, g1.id as groupId FROM tc_groups AS g2 INNER JOIN tc_groups AS g1 ON g2.id = g1.groupId WHERE g2.groupId IS NOT NULL) AS all_groups ON tc_user_group.groupId = all_groups.parentId INNER JOIN (SELECT groupId as parentId, id as deviceId FROM tc_devices WHERE groupId IS NOT NULL) AS devices ON all_groups.groupId = devices.parentId WHERE userId = ?) AND ((((type = ? OR type = ?) OR type = ?) OR type = ?) OR type = ?)
2026-02-03 11:21:23  INFO: SELECT * FROM tc_users WHERE (email = ? OR login = ?)
2026-02-03 11:21:24  INFO: SELECT * FROM tc_events WHERE id IN (SELECT tc_user_device.deviceId FROM tc_user_device WHERE userId = ? UNION SELECT DISTINCT deviceId FROM tc_user_group INNER JOIN (SELECT id as parentId, id as groupId FROM tc_groups UNION SELECT groupId as parentId, id as groupId FROM tc_groups WHERE groupId IS NOT NULL UNION SELECT g2.groupId as parentId, g1.id as groupId FROM tc_groups AS g2 INNER JOIN tc_groups AS g1 ON g2.id = g1.groupId WHERE g2.groupId IS NOT NULL) AS all_groups ON tc_user_group.groupId = all_groups.parentId INNER JOIN (SELECT groupId as parentId, id as deviceId FROM tc_devices WHERE groupId IS NOT NULL) AS devices ON all_groups.groupId = devices.parentId WHERE userId = ?) AND ((((type = ? OR type = ?) OR type = ?) OR type = ?) OR type = ?) ORDER BY id DESC LIMIT 10 OFFSET 1
2026-02-03 11:21:24  INFO: SELECT id, name FROM tc_devices WHERE id = ?
2026-02-03 11:21:25  INFO: SELECT id, name FROM tc_devices WHERE id = ?
2026-02-03 11:21:25  INFO: SELECT COUNT(*) FROM tc_events WHERE id IN (SELECT tc_user_device.deviceId FROM tc_user_device WHERE userId = ? UNION SELECT DISTINCT deviceId FROM tc_user_group INNER JOIN (SELECT id as parentId, id as groupId FROM tc_groups UNION SELECT groupId as parentId, id as groupId FROM tc_groups WHERE groupId IS NOT NULL UNION SELECT g2.groupId as parentId, g1.id as groupId FROM tc_groups AS g2 INNER JOIN tc_groups AS g1 ON g2.id = g1.groupId WHERE g2.groupId IS NOT NULL) AS all_groups ON tc_user_group.groupId = all_groups.parentId INNER JOIN (SELECT groupId as parentId, id as deviceId FROM tc_devices WHERE groupId IS NOT NULL) AS devices ON all_groups.groupId = devices.parentId WHERE userId = ?) AND ((((type = ? OR type = ?) OR type = ?) OR type = ?) OR type = ?)
2026-02-03 11:21:35  INFO: SELECT * FROM tc_users WHERE (email = ? OR login = ?)
2026-02-03 11:21:35  INFO: SELECT * FROM tc_users WHERE (email = ? OR login = ?)
2026-02-03 11:21:35  INFO: SELECT * FROM tc_devices WHERE id IN (SELECT tc_user_device.deviceId FROM tc_user_device WHERE userId = ? UNION SELECT DISTINCT deviceId FROM tc_user_group INNER JOIN (SELECT id as parentId, id as groupId FROM tc_groups UNION SELECT groupId as parentId, id as groupId FROM tc_groups WHERE groupId IS NOT NULL UNION SELECT g2.groupId as parentId, g1.id as groupId FROM tc_groups AS g2 INNER JOIN tc_groups AS g1 ON g2.id = g1.groupId WHERE g2.groupId IS NOT NULL) AS all_groups ON tc_user_group.groupId = all_groups.parentId INNER JOIN (SELECT groupId as parentId, id as deviceId FROM tc_devices WHERE groupId IS NOT NULL) AS devices ON all_groups.groupId = devices.parentId WHERE userId = ?) ORDER BY name
2026-02-03 11:21:35  INFO: SELECT * FROM tc_devices WHERE id IN (SELECT tc_user_device.deviceId FROM tc_user_device WHERE userId = ? UNION SELECT DISTINCT deviceId FROM tc_user_group INNER JOIN (SELECT id as parentId, id as groupId FROM tc_groups UNION SELECT groupId as parentId, id as groupId FROM tc_groups WHERE groupId IS NOT NULL UNION SELECT g2.groupId as parentId, g1.id as groupId FROM tc_groups AS g2 INNER JOIN tc_groups AS g1 ON g2.id = g1.groupId WHERE g2.groupId IS NOT NULL) AS all_groups ON tc_user_group.groupId = all_groups.parentId INNER JOIN (SELECT groupId as parentId, id as deviceId FROM tc_devices WHERE groupId IS NOT NULL) AS devices ON all_groups.groupId = devices.parentId WHERE userId = ?) ORDER BY name
2026-02-03 11:21:36  INFO: SELECT * FROM tc_devices WHERE uniqueId = ?
2026-02-03 11:21:36  INFO: SELECT * FROM tc_devices WHERE uniqueId = ?
2026-02-03 11:21:36  INFO: SELECT * FROM tc_devices WHERE uniqueId = ?
2026-02-03 11:21:36  INFO: SELECT * FROM tc_devices WHERE uniqueId = ?
2026-02-03 11:21:36  INFO: SELECT * FROM tc_devices WHERE uniqueId = ?
2026-02-03 11:21:36  INFO: SELECT * FROM tc_devices WHERE uniqueId = ?
2026-02-03 11:21:36  INFO: SELECT * FROM tc_users WHERE id = ?
2026-02-03 11:21:36  INFO: SELECT * FROM tc_devices WHERE uniqueId = ?
2026-02-03 11:21:36  INFO: SELECT * FROM tc_devices WHERE uniqueId = ?
2026-02-03 11:21:36  INFO: SELECT * FROM tc_users WHERE id = ?
2026-02-03 11:21:36  INFO: SELECT * FROM tc_users WHERE id = ?
2026-02-03 11:21:36  INFO: SELECT * FROM tc_users WHERE id = ?
2026-02-03 11:21:36  INFO: SELECT * FROM tc_users WHERE id = ?
2026-02-03 11:21:36  INFO: SELECT * FROM tc_users WHERE id = ?
2026-02-03 11:21:36  INFO: SELECT * FROM tc_users WHERE id = ?
2026-02-03 11:21:36  INFO: SELECT id FROM tc_devices WHERE id = ? AND id IN (SELECT tc_user_device.deviceId FROM tc_user_device WHERE userId = ? UNION SELECT DISTINCT deviceId FROM tc_user_group INNER JOIN (SELECT id as parentId, id as groupId FROM tc_groups UNION SELECT groupId as parentId, id as groupId FROM tc_groups WHERE groupId IS NOT NULL UNION SELECT g2.groupId as parentId, g1.id as groupId FROM tc_groups AS g2 INNER JOIN tc_groups AS g1 ON g2.id = g1.groupId WHERE g2.groupId IS NOT NULL) AS all_groups ON tc_user_group.groupId = all_groups.parentId INNER JOIN (SELECT groupId as parentId, id as deviceId FROM tc_devices WHERE groupId IS NOT NULL) AS devices ON all_groups.groupId = devices.parentId WHERE userId = ?)
2026-02-03 11:21:36  INFO: SELECT id FROM tc_devices WHERE id = ? AND id IN (SELECT tc_user_device.deviceId FROM tc_user_device WHERE userId = ? UNION SELECT DISTINCT deviceId FROM tc_user_group INNER JOIN (SELECT id as parentId, id as groupId FROM tc_groups UNION SELECT groupId as parentId, id as groupId FROM tc_groups WHERE groupId IS NOT NULL UNION SELECT g2.groupId as parentId, g1.id as groupId FROM tc_groups AS g2 INNER JOIN tc_groups AS g1 ON g2.id = g1.groupId WHERE g2.groupId IS NOT NULL) AS all_groups ON tc_user_group.groupId = all_groups.parentId INNER JOIN (SELECT groupId as parentId, id as deviceId FROM tc_devices WHERE groupId IS NOT NULL) AS devices ON all_groups.groupId = devices.parentId WHERE userId = ?)
2026-02-03 11:21:36  INFO: SELECT * FROM tc_users WHERE id = ?
2026-02-03 11:21:36  INFO: SELECT id FROM tc_devices WHERE id = ? AND id IN (SELECT tc_user_device.deviceId FROM tc_user_device WHERE userId = ? UNION SELECT DISTINCT deviceId FROM tc_user_group INNER JOIN (SELECT id as parentId, id as groupId FROM tc_groups UNION SELECT groupId as parentId, id as groupId FROM tc_groups WHERE groupId IS NOT NULL UNION SELECT g2.groupId as parentId, g1.id as groupId FROM tc_groups AS g2 INNER JOIN tc_groups AS g1 ON g2.id = g1.groupId WHERE g2.groupId IS NOT NULL) AS all_groups ON tc_user_group.groupId = all_groups.parentId INNER JOIN (SELECT groupId as parentId, id as deviceId FROM tc_devices WHERE groupId IS NOT NULL) AS devices ON all_groups.groupId = devices.parentId WHERE userId = ?)
2026-02-03 11:21:36  INFO: SELECT id FROM tc_devices WHERE id = ? AND id IN (SELECT tc_user_device.deviceId FROM tc_user_device WHERE userId = ? UNION SELECT DISTINCT deviceId FROM tc_user_group INNER JOIN (SELECT id as parentId, id as groupId FROM tc_groups UNION SELECT groupId as parentId, id as groupId FROM tc_groups WHERE groupId IS NOT NULL UNION SELECT g2.groupId as parentId, g1.id as groupId FROM tc_groups AS g2 INNER JOIN tc_groups AS g1 ON g2.id = g1.groupId WHERE g2.groupId IS NOT NULL) AS all_groups ON tc_user_group.groupId = all_groups.parentId INNER JOIN (SELECT groupId as parentId, id as deviceId FROM tc_devices WHERE groupId IS NOT NULL) AS devices ON all_groups.groupId = devices.parentId WHERE userId = ?)
2026-02-03 11:21:36  INFO: SELECT id FROM tc_devices WHERE id = ? AND id IN (SELECT tc_user_device.deviceId FROM tc_user_device WHERE userId = ? UNION SELECT DISTINCT deviceId FROM tc_user_group INNER JOIN (SELECT id as parentId, id as groupId FROM tc_groups UNION SELECT groupId as parentId, id as groupId FROM tc_groups WHERE groupId IS NOT NULL UNION SELECT g2.groupId as parentId, g1.id as groupId FROM tc_groups AS g2 INNER JOIN tc_groups AS g1 ON g2.id = g1.groupId WHERE g2.groupId IS NOT NULL) AS all_groups ON tc_user_group.groupId = all_groups.parentId INNER JOIN (SELECT groupId as parentId, id as deviceId FROM tc_devices WHERE groupId IS NOT NULL) AS devices ON all_groups.groupId = devices.parentId WHERE userId = ?)
2026-02-03 11:21:36  INFO: SELECT id FROM tc_devices WHERE id = ? AND id IN (SELECT tc_user_device.deviceId FROM tc_user_device WHERE userId = ? UNION SELECT DISTINCT deviceId FROM tc_user_group INNER JOIN (SELECT id as parentId, id as groupId FROM tc_groups UNION SELECT groupId as parentId, id as groupId FROM tc_groups WHERE groupId IS NOT NULL UNION SELECT g2.groupId as parentId, g1.id as groupId FROM tc_groups AS g2 INNER JOIN tc_groups AS g1 ON g2.id = g1.groupId WHERE g2.groupId IS NOT NULL) AS all_groups ON tc_user_group.groupId = all_groups.parentId INNER JOIN (SELECT groupId as parentId, id as deviceId FROM tc_devices WHERE groupId IS NOT NULL) AS devices ON all_groups.groupId = devices.parentId WHERE userId = ?)
2026-02-03 11:21:36  INFO: SELECT id FROM tc_devices WHERE id = ? AND id IN (SELECT tc_user_device.deviceId FROM tc_user_device WHERE userId = ? UNION SELECT DISTINCT deviceId FROM tc_user_group INNER JOIN (SELECT id as parentId, id as groupId FROM tc_groups UNION SELECT groupId as parentId, id as groupId FROM tc_groups WHERE groupId IS NOT NULL UNION SELECT g2.groupId as parentId, g1.id as groupId FROM tc_groups AS g2 INNER JOIN tc_groups AS g1 ON g2.id = g1.groupId WHERE g2.groupId IS NOT NULL) AS all_groups ON tc_user_group.groupId = all_groups.parentId INNER JOIN (SELECT groupId as parentId, id as deviceId FROM tc_devices WHERE groupId IS NOT NULL) AS devices ON all_groups.groupId = devices.parentId WHERE userId = ?)
2026-02-03 11:21:36  INFO: SELECT id FROM tc_devices WHERE id = ? AND id IN (SELECT tc_user_device.deviceId FROM tc_user_device WHERE userId = ? UNION SELECT DISTINCT deviceId FROM tc_user_group INNER JOIN (SELECT id as parentId, id as groupId FROM tc_groups UNION SELECT groupId as parentId, id as groupId FROM tc_groups WHERE groupId IS NOT NULL UNION SELECT g2.groupId as parentId, g1.id as groupId FROM tc_groups AS g2 INNER JOIN tc_groups AS g1 ON g2.id = g1.groupId WHERE g2.groupId IS NOT NULL) AS all_groups ON tc_user_group.groupId = all_groups.parentId INNER JOIN (SELECT groupId as parentId, id as deviceId FROM tc_devices WHERE groupId IS NOT NULL) AS devices ON all_groups.groupId = devices.parentId WHERE userId = ?)
2026-02-03 11:25:22  INFO: SELECT * FROM tc_servers
2026-02-03 11:25:22  INFO: DELETE FROM tc_users WHERE temporary = ? AND expirationTime < ?
2026-02-03 11:25:23  INFO: SELECT * FROM tc_reports
2026-02-03 11:25:23  INFO: SELECT * FROM tc_groups
2026-02-03 11:25:23  INFO: SELECT * FROM tc_devices
2026-02-03 11:30:34  INFO: SELECT * FROM tc_devices WHERE uniqueId = ?
2026-02-03 11:30:34  INFO: SELECT * FROM tc_devices WHERE uniqueId = ?
2026-02-03 11:30:34  INFO: SELECT * FROM tc_devices WHERE uniqueId = ?
2026-02-03 11:30:34  INFO: SELECT * FROM tc_users WHERE id = ?
2026-02-03 11:30:34  INFO: SELECT * FROM tc_devices WHERE uniqueId = ?
2026-02-03 11:30:34  INFO: SELECT * FROM tc_users WHERE id = ?
2026-02-03 11:30:34  INFO: SELECT * FROM tc_users WHERE id = ?
2026-02-03 11:30:34  INFO: SELECT id FROM tc_devices WHERE id = ? AND id IN (SELECT tc_user_device.deviceId FROM tc_user_device WHERE userId = ? UNION SELECT DISTINCT deviceId FROM tc_user_group INNER JOIN (SELECT id as parentId, id as groupId FROM tc_groups UNION SELECT groupId as parentId, id as groupId FROM tc_groups WHERE groupId IS NOT NULL UNION SELECT g2.groupId as parentId, g1.id as groupId FROM tc_groups AS g2 INNER JOIN tc_groups AS g1 ON g2.id = g1.groupId WHERE g2.groupId IS NOT NULL) AS all_groups ON tc_user_group.groupId = all_groups.parentId INNER JOIN (SELECT groupId as parentId, id as deviceId FROM tc_devices WHERE groupId IS NOT NULL) AS devices ON all_groups.groupId = devices.parentId WHERE userId = ?)
2026-02-03 11:30:34  INFO: SELECT * FROM tc_users WHERE id = ?
2026-02-03 11:30:34  INFO: SELECT id FROM tc_devices WHERE id = ? AND id IN (SELECT tc_user_device.deviceId FROM tc_user_device WHERE userId = ? UNION SELECT DISTINCT deviceId FROM tc_user_group INNER JOIN (SELECT id as parentId, id as groupId FROM tc_groups UNION SELECT groupId as parentId, id as groupId FROM tc_groups WHERE groupId IS NOT NULL UNION SELECT g2.groupId as parentId, g1.id as groupId FROM tc_groups AS g2 INNER JOIN tc_groups AS g1 ON g2.id = g1.groupId WHERE g2.groupId IS NOT NULL) AS all_groups ON tc_user_group.groupId = all_groups.parentId INNER JOIN (SELECT groupId as parentId, id as deviceId FROM tc_devices WHERE groupId IS NOT NULL) AS devices ON all_groups.groupId = devices.parentId WHERE userId = ?)
2026-02-03 11:30:34  INFO: SELECT * FROM tc_devices WHERE uniqueId = ?
2026-02-03 11:30:34  INFO: SELECT id FROM tc_devices WHERE id = ? AND id IN (SELECT tc_user_device.deviceId FROM tc_user_device WHERE userId = ? UNION SELECT DISTINCT deviceId FROM tc_user_group INNER JOIN (SELECT id as parentId, id as groupId FROM tc_groups UNION SELECT groupId as parentId, id as groupId FROM tc_groups WHERE groupId IS NOT NULL UNION SELECT g2.groupId as parentId, g1.id as groupId FROM tc_groups AS g2 INNER JOIN tc_groups AS g1 ON g2.id = g1.groupId WHERE g2.groupId IS NOT NULL) AS all_groups ON tc_user_group.groupId = all_groups.parentId INNER JOIN (SELECT groupId as parentId, id as deviceId FROM tc_devices WHERE groupId IS NOT NULL) AS devices ON all_groups.groupId = devices.parentId WHERE userId = ?)
2026-02-03 11:30:34  INFO: SELECT * FROM tc_devices WHERE uniqueId = ?
2026-02-03 11:30:34  INFO: SELECT * FROM tc_devices WHERE uniqueId = ?
2026-02-03 11:30:35  INFO: SELECT * FROM tc_devices WHERE uniqueId = ?
2026-02-03 11:30:35  INFO: SELECT * FROM tc_users WHERE id = ?
2026-02-03 11:30:35  INFO: SELECT * FROM tc_users WHERE id = ?
2026-02-03 11:30:35  INFO: SELECT * FROM tc_users WHERE id = ?
2026-02-03 11:30:35  INFO: SELECT id FROM tc_devices WHERE id = ? AND id IN (SELECT tc_user_device.deviceId FROM tc_user_device WHERE userId = ? UNION SELECT DISTINCT deviceId FROM tc_user_group INNER JOIN (SELECT id as parentId, id as groupId FROM tc_groups UNION SELECT groupId as parentId, id as groupId FROM tc_groups WHERE groupId IS NOT NULL UNION SELECT g2.groupId as parentId, g1.id as groupId FROM tc_groups AS g2 INNER JOIN tc_groups AS g1 ON g2.id = g1.groupId WHERE g2.groupId IS NOT NULL) AS all_groups ON tc_user_group.groupId = all_groups.parentId INNER JOIN (SELECT groupId as parentId, id as deviceId FROM tc_devices WHERE groupId IS NOT NULL) AS devices ON all_groups.groupId = devices.parentId WHERE userId = ?)
2026-02-03 11:30:35  INFO: SELECT * FROM tc_users WHERE id = ?
2026-02-03 11:30:35  INFO: SELECT id FROM tc_devices WHERE id = ? AND id IN (SELECT tc_user_device.deviceId FROM tc_user_device WHERE userId = ? UNION SELECT DISTINCT deviceId FROM tc_user_group INNER JOIN (SELECT id as parentId, id as groupId FROM tc_groups UNION SELECT groupId as parentId, id as groupId FROM tc_groups WHERE groupId IS NOT NULL UNION SELECT g2.groupId as parentId, g1.id as groupId FROM tc_groups AS g2 INNER JOIN tc_groups AS g1 ON g2.id = g1.groupId WHERE g2.groupId IS NOT NULL) AS all_groups ON tc_user_group.groupId = all_groups.parentId INNER JOIN (SELECT groupId as parentId, id as deviceId FROM tc_devices WHERE groupId IS NOT NULL) AS devices ON all_groups.groupId = devices.parentId WHERE userId = ?)
2026-02-03 11:30:35  INFO: SELECT id FROM tc_devices WHERE id = ? AND id IN (SELECT tc_user_device.deviceId FROM tc_user_device WHERE userId = ? UNION SELECT DISTINCT deviceId FROM tc_user_group INNER JOIN (SELECT id as parentId, id as groupId FROM tc_groups UNION SELECT groupId as parentId, id as groupId FROM tc_groups WHERE groupId IS NOT NULL UNION SELECT g2.groupId as parentId, g1.id as groupId FROM tc_groups AS g2 INNER JOIN tc_groups AS g1 ON g2.id = g1.groupId WHERE g2.groupId IS NOT NULL) AS all_groups ON tc_user_group.groupId = all_groups.parentId INNER JOIN (SELECT groupId as parentId, id as deviceId FROM tc_devices WHERE groupId IS NOT NULL) AS devices ON all_groups.groupId = devices.parentId WHERE userId = ?)
2026-02-03 11:30:35  INFO: SELECT id FROM tc_devices WHERE id = ? AND id IN (SELECT tc_user_device.deviceId FROM tc_user_device WHERE userId = ? UNION SELECT DISTINCT deviceId FROM tc_user_group INNER JOIN (SELECT id as parentId, id as groupId FROM tc_groups UNION SELECT groupId as parentId, id as groupId FROM tc_groups WHERE groupId IS NOT NULL UNION SELECT g2.groupId as parentId, g1.id as groupId FROM tc_groups AS g2 INNER JOIN tc_groups AS g1 ON g2.id = g1.groupId WHERE g2.groupId IS NOT NULL) AS all_groups ON tc_user_group.groupId = all_groups.parentId INNER JOIN (SELECT groupId as parentId, id as deviceId FROM tc_devices WHERE groupId IS NOT NULL) AS devices ON all_groups.groupId = devices.parentId WHERE userId = ?)
2026-02-03 11:30:35  INFO: SELECT id FROM tc_devices WHERE id = ? AND id IN (SELECT tc_user_device.deviceId FROM tc_user_device WHERE userId = ? UNION SELECT DISTINCT deviceId FROM tc_user_group INNER JOIN (SELECT id as parentId, id as groupId FROM tc_groups UNION SELECT groupId as parentId, id as groupId FROM tc_groups WHERE groupId IS NOT NULL UNION SELECT g2.groupId as parentId, g1.id as groupId FROM tc_groups AS g2 INNER JOIN tc_groups AS g1 ON g2.id = g1.groupId WHERE g2.groupId IS NOT NULL) AS all_groups ON tc_user_group.groupId = all_groups.parentId INNER JOIN (SELECT groupId as parentId, id as deviceId FROM tc_devices WHERE groupId IS NOT NULL) AS devices ON all_groups.groupId = devices.parentId WHERE userId = ?)
2026-02-03 11:30:36  INFO: SELECT * FROM tc_devices WHERE uniqueId = ?
2026-02-03 11:30:36  INFO: SELECT * FROM tc_devices WHERE uniqueId = ?
2026-02-03 11:30:36  INFO: SELECT * FROM tc_devices WHERE uniqueId = ?
2026-02-03 11:30:36  INFO: SELECT * FROM tc_devices WHERE uniqueId = ?
2026-02-03 11:30:36  INFO: SELECT * FROM tc_devices WHERE uniqueId = ?
2026-02-03 11:30:36  INFO: SELECT * FROM tc_devices WHERE uniqueId = ?
2026-02-03 11:30:36  INFO: SELECT * FROM tc_devices WHERE uniqueId = ?
2026-02-03 11:30:36  INFO: SELECT * FROM tc_devices WHERE uniqueId = ?
2026-02-03 11:30:36  INFO: SELECT * FROM tc_users WHERE id = ?
2026-02-03 11:30:36  INFO: SELECT * FROM tc_users WHERE id = ?
2026-02-03 11:30:36  INFO: SELECT * FROM tc_users WHERE id = ?
2026-02-03 11:30:36  INFO: SELECT * FROM tc_users WHERE id = ?
2026-02-03 11:30:36  INFO: SELECT * FROM tc_users WHERE id = ?
2026-02-03 11:30:36  INFO: SELECT * FROM tc_users WHERE id = ?
2026-02-03 11:30:36  INFO: SELECT * FROM tc_users WHERE id = ?
2026-02-03 11:30:36  INFO: SELECT * FROM tc_users WHERE id = ?
2026-02-03 11:30:36  INFO: SELECT id FROM tc_devices WHERE id = ? AND id IN (SELECT tc_user_device.deviceId FROM tc_user_device WHERE userId = ? UNION SELECT DISTINCT deviceId FROM tc_user_group INNER JOIN (SELECT id as parentId, id as groupId FROM tc_groups UNION SELECT groupId as parentId, id as groupId FROM tc_groups WHERE groupId IS NOT NULL UNION SELECT g2.groupId as parentId, g1.id as groupId FROM tc_groups AS g2 INNER JOIN tc_groups AS g1 ON g2.id = g1.groupId WHERE g2.groupId IS NOT NULL) AS all_groups ON tc_user_group.groupId = all_groups.parentId INNER JOIN (SELECT groupId as parentId, id as deviceId FROM tc_devices WHERE groupId IS NOT NULL) AS devices ON all_groups.groupId = devices.parentId WHERE userId = ?)
2026-02-03 11:30:36  INFO: SELECT id FROM tc_devices WHERE id = ? AND id IN (SELECT tc_user_device.deviceId FROM tc_user_device WHERE userId = ? UNION SELECT DISTINCT deviceId FROM tc_user_group INNER JOIN (SELECT id as parentId, id as groupId FROM tc_groups UNION SELECT groupId as parentId, id as groupId FROM tc_groups WHERE groupId IS NOT NULL UNION SELECT g2.groupId as parentId, g1.id as groupId FROM tc_groups AS g2 INNER JOIN tc_groups AS g1 ON g2.id = g1.groupId WHERE g2.groupId IS NOT NULL) AS all_groups ON tc_user_group.groupId = all_groups.parentId INNER JOIN (SELECT groupId as parentId, id as deviceId FROM tc_devices WHERE groupId IS NOT NULL) AS devices ON all_groups.groupId = devices.parentId WHERE userId = ?)
2026-02-03 11:30:36  INFO: SELECT id FROM tc_devices WHERE id = ? AND id IN (SELECT tc_user_device.deviceId FROM tc_user_device WHERE userId = ? UNION SELECT DISTINCT deviceId FROM tc_user_group INNER JOIN (SELECT id as parentId, id as groupId FROM tc_groups UNION SELECT groupId as parentId, id as groupId FROM tc_groups WHERE groupId IS NOT NULL UNION SELECT g2.groupId as parentId, g1.id as groupId FROM tc_groups AS g2 INNER JOIN tc_groups AS g1 ON g2.id = g1.groupId WHERE g2.groupId IS NOT NULL) AS all_groups ON tc_user_group.groupId = all_groups.parentId INNER JOIN (SELECT groupId as parentId, id as deviceId FROM tc_devices WHERE groupId IS NOT NULL) AS devices ON all_groups.groupId = devices.parentId WHERE userId = ?)
2026-02-03 11:30:36  INFO: SELECT id FROM tc_devices WHERE id = ? AND id IN (SELECT tc_user_device.deviceId FROM tc_user_device WHERE userId = ? UNION SELECT DISTINCT deviceId FROM tc_user_group INNER JOIN (SELECT id as parentId, id as groupId FROM tc_groups UNION SELECT groupId as parentId, id as groupId FROM tc_groups WHERE groupId IS NOT NULL UNION SELECT g2.groupId as parentId, g1.id as groupId FROM tc_groups AS g2 INNER JOIN tc_groups AS g1 ON g2.id = g1.groupId WHERE g2.groupId IS NOT NULL) AS all_groups ON tc_user_group.groupId = all_groups.parentId INNER JOIN (SELECT groupId as parentId, id as deviceId FROM tc_devices WHERE groupId IS NOT NULL) AS devices ON all_groups.groupId = devices.parentId WHERE userId = ?)
2026-02-03 11:30:36  INFO: SELECT id FROM tc_devices WHERE id = ? AND id IN (SELECT tc_user_device.deviceId FROM tc_user_device WHERE userId = ? UNION SELECT DISTINCT deviceId FROM tc_user_group INNER JOIN (SELECT id as parentId, id as groupId FROM tc_groups UNION SELECT groupId as parentId, id as groupId FROM tc_groups WHERE groupId IS NOT NULL UNION SELECT g2.groupId as parentId, g1.id as groupId FROM tc_groups AS g2 INNER JOIN tc_groups AS g1 ON g2.id = g1.groupId WHERE g2.groupId IS NOT NULL) AS all_groups ON tc_user_group.groupId = all_groups.parentId INNER JOIN (SELECT groupId as parentId, id as deviceId FROM tc_devices WHERE groupId IS NOT NULL) AS devices ON all_groups.groupId = devices.parentId WHERE userId = ?)
2026-02-03 11:30:36  INFO: SELECT id FROM tc_devices WHERE id = ? AND id IN (SELECT tc_user_device.deviceId FROM tc_user_device WHERE userId = ? UNION SELECT DISTINCT deviceId FROM tc_user_group INNER JOIN (SELECT id as parentId, id as groupId FROM tc_groups UNION SELECT groupId as parentId, id as groupId FROM tc_groups WHERE groupId IS NOT NULL UNION SELECT g2.groupId as parentId, g1.id as groupId FROM tc_groups AS g2 INNER JOIN tc_groups AS g1 ON g2.id = g1.groupId WHERE g2.groupId IS NOT NULL) AS all_groups ON tc_user_group.groupId = all_groups.parentId INNER JOIN (SELECT groupId as parentId, id as deviceId FROM tc_devices WHERE groupId IS NOT NULL) AS devices ON all_groups.groupId = devices.parentId WHERE userId = ?)
2026-02-03 11:30:36  INFO: SELECT id FROM tc_devices WHERE id = ? AND id IN (SELECT tc_user_device.deviceId FROM tc_user_device WHERE userId = ? UNION SELECT DISTINCT deviceId FROM tc_user_group INNER JOIN (SELECT id as parentId, id as groupId FROM tc_groups UNION SELECT groupId as parentId, id as groupId FROM tc_groups WHERE groupId IS NOT NULL UNION SELECT g2.groupId as parentId, g1.id as groupId FROM tc_groups AS g2 INNER JOIN tc_groups AS g1 ON g2.id = g1.groupId WHERE g2.groupId IS NOT NULL) AS all_groups ON tc_user_group.groupId = all_groups.parentId INNER JOIN (SELECT groupId as parentId, id as deviceId FROM tc_devices WHERE groupId IS NOT NULL) AS devices ON all_groups.groupId = devices.parentId WHERE userId = ?)
2026-02-03 11:30:36  INFO: SELECT id FROM tc_devices WHERE id = ? AND id IN (SELECT tc_user_device.deviceId FROM tc_user_device WHERE userId = ? UNION SELECT DISTINCT deviceId FROM tc_user_group INNER JOIN (SELECT id as parentId, id as groupId FROM tc_groups UNION SELECT groupId as parentId, id as groupId FROM tc_groups WHERE groupId IS NOT NULL UNION SELECT g2.groupId as parentId, g1.id as groupId FROM tc_groups AS g2 INNER JOIN tc_groups AS g1 ON g2.id = g1.groupId WHERE g2.groupId IS NOT NULL) AS all_groups ON tc_user_group.groupId = all_groups.parentId INNER JOIN (SELECT groupId as parentId, id as deviceId FROM tc_devices WHERE groupId IS NOT NULL) AS devices ON all_groups.groupId = devices.parentId WHERE userId = ?)
2026-02-03 11:40:22  INFO: SELECT * FROM tc_reports
2026-02-03 11:40:22  INFO: SELECT * FROM tc_groups
2026-02-03 11:40:22  INFO: SELECT * FROM tc_devices
2026-02-03 11:43:48  WARN: HikariPool-1 - Failed to validate connection com.mysql.cj.jdbc.ConnectionImpl@4fc435ab (No operations allowed after connection closed.). Possibly consider using a shorter maxLifetime value.
2026-02-03 11:43:53  WARN: HikariPool-1 - Failed to validate connection com.mysql.cj.jdbc.ConnectionImpl@439aed9d (No operations allowed after connection closed.). Possibly consider using a shorter maxLifetime value.
2026-02-03 11:43:58  WARN: HikariPool-1 - Failed to validate connection com.mysql.cj.jdbc.ConnectionImpl@4c7fcf09 (No operations allowed after connection closed.). Possibly consider using a shorter maxLifetime value.
2026-02-03 11:44:03  WARN: HikariPool-1 - Failed to validate connection com.mysql.cj.jdbc.ConnectionImpl@71cd94d2 (No operations allowed after connection closed.). Possibly consider using a shorter maxLifetime value.
2026-02-03 11:44:19  WARN: HikariPool-1 - Failed to validate connection com.mysql.cj.jdbc.ConnectionImpl@34add021 (No operations allowed after connection closed.). Possibly consider using a shorter maxLifetime value.
2026-02-03 11:44:34  WARN: HikariPool-1 - Failed to validate connection com.mysql.cj.jdbc.ConnectionImpl@3b08207b (No operations allowed after connection closed.). Possibly consider using a shorter maxLifetime value.
2026-02-03 11:44:48  WARN: HikariPool-1 - Failed to validate connection com.mysql.cj.jdbc.ConnectionImpl@22f66a7f (No operations allowed after connection closed.). Possibly consider using a shorter maxLifetime value.
2026-02-03 11:48:03  INFO: SELECT * FROM tc_users WHERE (email = ? OR login = ?)
2026-02-03 11:48:03  INFO: SELECT * FROM tc_events WHERE id IN (SELECT tc_user_device.deviceId FROM tc_user_device WHERE userId = ? UNION SELECT DISTINCT deviceId FROM tc_user_group INNER JOIN (SELECT id as parentId, id as groupId FROM tc_groups UNION SELECT groupId as parentId, id as groupId FROM tc_groups WHERE groupId IS NOT NULL UNION SELECT g2.groupId as parentId, g1.id as groupId FROM tc_groups AS g2 INNER JOIN tc_groups AS g1 ON g2.id = g1.groupId WHERE g2.groupId IS NOT NULL) AS all_groups ON tc_user_group.groupId = all_groups.parentId INNER JOIN (SELECT groupId as parentId, id as deviceId FROM tc_devices WHERE groupId IS NOT NULL) AS devices ON all_groups.groupId = devices.parentId WHERE userId = ?) AND ((((type = ? OR type = ?) OR type = ?) OR type = ?) OR type = ?) ORDER BY id DESC LIMIT 10 OFFSET 1
2026-02-03 11:48:04  INFO: SELECT id, name FROM tc_devices WHERE id = ?
2026-02-03 11:48:04  INFO: SELECT id, name FROM tc_devices WHERE id = ?
2026-02-03 11:48:05  INFO: SELECT COUNT(*) FROM tc_events WHERE id IN (SELECT tc_user_device.deviceId FROM tc_user_device WHERE userId = ? UNION SELECT DISTINCT deviceId FROM tc_user_group INNER JOIN (SELECT id as parentId, id as groupId FROM tc_groups UNION SELECT groupId as parentId, id as groupId FROM tc_groups WHERE groupId IS NOT NULL UNION SELECT g2.groupId as parentId, g1.id as groupId FROM tc_groups AS g2 INNER JOIN tc_groups AS g1 ON g2.id = g1.groupId WHERE g2.groupId IS NOT NULL) AS all_groups ON tc_user_group.groupId = all_groups.parentId INNER JOIN (SELECT groupId as parentId, id as deviceId FROM tc_devices WHERE groupId IS NOT NULL) AS devices ON all_groups.groupId = devices.parentId WHERE userId = ?) AND ((((type = ? OR type = ?) OR type = ?) OR type = ?) OR type = ?)
2026-02-03 11:48:08  INFO: SELECT * FROM tc_users WHERE (email = ? OR login = ?)
2026-02-03 11:48:08  INFO: SELECT * FROM tc_users WHERE (email = ? OR login = ?)
2026-02-03 11:48:09  INFO: SELECT * FROM tc_devices WHERE id IN (SELECT tc_user_device.deviceId FROM tc_user_device WHERE userId = ? UNION SELECT DISTINCT deviceId FROM tc_user_group INNER JOIN (SELECT id as parentId, id as groupId FROM tc_groups UNION SELECT groupId as parentId, id as groupId FROM tc_groups WHERE groupId IS NOT NULL UNION SELECT g2.groupId as parentId, g1.id as groupId FROM tc_groups AS g2 INNER JOIN tc_groups AS g1 ON g2.id = g1.groupId WHERE g2.groupId IS NOT NULL) AS all_groups ON tc_user_group.groupId = all_groups.parentId INNER JOIN (SELECT groupId as parentId, id as deviceId FROM tc_devices WHERE groupId IS NOT NULL) AS devices ON all_groups.groupId = devices.parentId WHERE userId = ?) ORDER BY name
2026-02-03 11:48:09  INFO: SELECT * FROM tc_devices WHERE id IN (SELECT tc_user_device.deviceId FROM tc_user_device WHERE userId = ? UNION SELECT DISTINCT deviceId FROM tc_user_group INNER JOIN (SELECT id as parentId, id as groupId FROM tc_groups UNION SELECT groupId as parentId, id as groupId FROM tc_groups WHERE groupId IS NOT NULL UNION SELECT g2.groupId as parentId, g1.id as groupId FROM tc_groups AS g2 INNER JOIN tc_groups AS g1 ON g2.id = g1.groupId WHERE g2.groupId IS NOT NULL) AS all_groups ON tc_user_group.groupId = all_groups.parentId INNER JOIN (SELECT groupId as parentId, id as deviceId FROM tc_devices WHERE groupId IS NOT NULL) AS devices ON all_groups.groupId = devices.parentId WHERE userId = ?) ORDER BY name
2026-02-03 11:48:09  INFO: SELECT * FROM tc_devices WHERE uniqueId = ?
2026-02-03 11:48:09  INFO: SELECT * FROM tc_devices WHERE uniqueId = ?
2026-02-03 11:48:09  INFO: SELECT * FROM tc_devices WHERE uniqueId = ?
2026-02-03 11:48:09  INFO: SELECT * FROM tc_devices WHERE uniqueId = ?
2026-02-03 11:48:09  INFO: SELECT * FROM tc_devices WHERE uniqueId = ?
2026-02-03 11:48:09  INFO: SELECT * FROM tc_devices WHERE uniqueId = ?
2026-02-03 11:48:09  INFO: SELECT * FROM tc_devices WHERE uniqueId = ?
2026-02-03 11:48:09  INFO: SELECT * FROM tc_devices WHERE uniqueId = ?
2026-02-03 11:48:09  INFO: SELECT * FROM tc_users WHERE id = ?
2026-02-03 11:48:09  INFO: SELECT * FROM tc_users WHERE id = ?
2026-02-03 11:48:09  INFO: SELECT * FROM tc_users WHERE id = ?
2026-02-03 11:48:09  INFO: SELECT * FROM tc_users WHERE id = ?
2026-02-03 11:48:09  INFO: SELECT * FROM tc_users WHERE id = ?
2026-02-03 11:48:09  INFO: SELECT * FROM tc_users WHERE id = ?
2026-02-03 11:48:09  INFO: SELECT * FROM tc_users WHERE id = ?
2026-02-03 11:48:09  INFO: SELECT * FROM tc_users WHERE id = ?
2026-02-03 11:48:09  INFO: SELECT id FROM tc_devices WHERE id = ? AND id IN (SELECT tc_user_device.deviceId FROM tc_user_device WHERE userId = ? UNION SELECT DISTINCT deviceId FROM tc_user_group INNER JOIN (SELECT id as parentId, id as groupId FROM tc_groups UNION SELECT groupId as parentId, id as groupId FROM tc_groups WHERE groupId IS NOT NULL UNION SELECT g2.groupId as parentId, g1.id as groupId FROM tc_groups AS g2 INNER JOIN tc_groups AS g1 ON g2.id = g1.groupId WHERE g2.groupId IS NOT NULL) AS all_groups ON tc_user_group.groupId = all_groups.parentId INNER JOIN (SELECT groupId as parentId, id as deviceId FROM tc_devices WHERE groupId IS NOT NULL) AS devices ON all_groups.groupId = devices.parentId WHERE userId = ?)
2026-02-03 11:48:09  INFO: SELECT id FROM tc_devices WHERE id = ? AND id IN (SELECT tc_user_device.deviceId FROM tc_user_device WHERE userId = ? UNION SELECT DISTINCT deviceId FROM tc_user_group INNER JOIN (SELECT id as parentId, id as groupId FROM tc_groups UNION SELECT groupId as parentId, id as groupId FROM tc_groups WHERE groupId IS NOT NULL UNION SELECT g2.groupId as parentId, g1.id as groupId FROM tc_groups AS g2 INNER JOIN tc_groups AS g1 ON g2.id = g1.groupId WHERE g2.groupId IS NOT NULL) AS all_groups ON tc_user_group.groupId = all_groups.parentId INNER JOIN (SELECT groupId as parentId, id as deviceId FROM tc_devices WHERE groupId IS NOT NULL) AS devices ON all_groups.groupId = devices.parentId WHERE userId = ?)
2026-02-03 11:48:10  INFO: SELECT id FROM tc_devices WHERE id = ? AND id IN (SELECT tc_user_device.deviceId FROM tc_user_device WHERE userId = ? UNION SELECT DISTINCT deviceId FROM tc_user_group INNER JOIN (SELECT id as parentId, id as groupId FROM tc_groups UNION SELECT groupId as parentId, id as groupId FROM tc_groups WHERE groupId IS NOT NULL UNION SELECT g2.groupId as parentId, g1.id as groupId FROM tc_groups AS g2 INNER JOIN tc_groups AS g1 ON g2.id = g1.groupId WHERE g2.groupId IS NOT NULL) AS all_groups ON tc_user_group.groupId = all_groups.parentId INNER JOIN (SELECT groupId as parentId, id as deviceId FROM tc_devices WHERE groupId IS NOT NULL) AS devices ON all_groups.groupId = devices.parentId WHERE userId = ?)
2026-02-03 11:48:10  INFO: SELECT id FROM tc_devices WHERE id = ? AND id IN (SELECT tc_user_device.deviceId FROM tc_user_device WHERE userId = ? UNION SELECT DISTINCT deviceId FROM tc_user_group INNER JOIN (SELECT id as parentId, id as groupId FROM tc_groups UNION SELECT groupId as parentId, id as groupId FROM tc_groups WHERE groupId IS NOT NULL UNION SELECT g2.groupId as parentId, g1.id as groupId FROM tc_groups AS g2 INNER JOIN tc_groups AS g1 ON g2.id = g1.groupId WHERE g2.groupId IS NOT NULL) AS all_groups ON tc_user_group.groupId = all_groups.parentId INNER JOIN (SELECT groupId as parentId, id as deviceId FROM tc_devices WHERE groupId IS NOT NULL) AS devices ON all_groups.groupId = devices.parentId WHERE userId = ?)
2026-02-03 11:48:10  INFO: SELECT id FROM tc_devices WHERE id = ? AND id IN (SELECT tc_user_device.deviceId FROM tc_user_device WHERE userId = ? UNION SELECT DISTINCT deviceId FROM tc_user_group INNER JOIN (SELECT id as parentId, id as groupId FROM tc_groups UNION SELECT groupId as parentId, id as groupId FROM tc_groups WHERE groupId IS NOT NULL UNION SELECT g2.groupId as parentId, g1.id as groupId FROM tc_groups AS g2 INNER JOIN tc_groups AS g1 ON g2.id = g1.groupId WHERE g2.groupId IS NOT NULL) AS all_groups ON tc_user_group.groupId = all_groups.parentId INNER JOIN (SELECT groupId as parentId, id as deviceId FROM tc_devices WHERE groupId IS NOT NULL) AS devices ON all_groups.groupId = devices.parentId WHERE userId = ?)
2026-02-03 11:48:10  INFO: SELECT id FROM tc_devices WHERE id = ? AND id IN (SELECT tc_user_device.deviceId FROM tc_user_device WHERE userId = ? UNION SELECT DISTINCT deviceId FROM tc_user_group INNER JOIN (SELECT id as parentId, id as groupId FROM tc_groups UNION SELECT groupId as parentId, id as groupId FROM tc_groups WHERE groupId IS NOT NULL UNION SELECT g2.groupId as parentId, g1.id as groupId FROM tc_groups AS g2 INNER JOIN tc_groups AS g1 ON g2.id = g1.groupId WHERE g2.groupId IS NOT NULL) AS all_groups ON tc_user_group.groupId = all_groups.parentId INNER JOIN (SELECT groupId as parentId, id as deviceId FROM tc_devices WHERE groupId IS NOT NULL) AS devices ON all_groups.groupId = devices.parentId WHERE userId = ?)
2026-02-03 11:48:10  INFO: SELECT id FROM tc_devices WHERE id = ? AND id IN (SELECT tc_user_device.deviceId FROM tc_user_device WHERE userId = ? UNION SELECT DISTINCT deviceId FROM tc_user_group INNER JOIN (SELECT id as parentId, id as groupId FROM tc_groups UNION SELECT groupId as parentId, id as groupId FROM tc_groups WHERE groupId IS NOT NULL UNION SELECT g2.groupId as parentId, g1.id as groupId FROM tc_groups AS g2 INNER JOIN tc_groups AS g1 ON g2.id = g1.groupId WHERE g2.groupId IS NOT NULL) AS all_groups ON tc_user_group.groupId = all_groups.parentId INNER JOIN (SELECT groupId as parentId, id as deviceId FROM tc_devices WHERE groupId IS NOT NULL) AS devices ON all_groups.groupId = devices.parentId WHERE userId = ?)
2026-02-03 11:48:10  INFO: SELECT id FROM tc_devices WHERE id = ? AND id IN (SELECT tc_user_device.deviceId FROM tc_user_device WHERE userId = ? UNION SELECT DISTINCT deviceId FROM tc_user_group INNER JOIN (SELECT id as parentId, id as groupId FROM tc_groups UNION SELECT groupId as parentId, id as groupId FROM tc_groups WHERE groupId IS NOT NULL UNION SELECT g2.groupId as parentId, g1.id as groupId FROM tc_groups AS g2 INNER JOIN tc_groups AS g1 ON g2.id = g1.groupId WHERE g2.groupId IS NOT NULL) AS all_groups ON tc_user_group.groupId = all_groups.parentId INNER JOIN (SELECT groupId as parentId, id as deviceId FROM tc_devices WHERE groupId IS NOT NULL) AS devices ON all_groups.groupId = devices.parentId WHERE userId = ?)
2026-02-03 11:50:32  INFO: Stopping server...
